{"Message":"Logging module loaded successfully","Timestamp":"2025-08-25 00:40:51.571","Level":"INFO","Category":"ModuleLoad"}
{"Message":"TheTVDB module loaded successfully","Timestamp":"2025-08-25 00:40:51.641","Level":"INFO","Category":"ModuleLoad"}
{"Message":"FileParser module loaded successfully","Timestamp":"2025-08-25 00:40:51.654","Level":"INFO","Category":"ModuleLoad"}
{"Message":"ErrorHandling module loaded successfully","Timestamp":"2025-08-25 00:40:51.716","Level":"INFO","Category":"ModuleLoad"}
{"Message":"FileOperations module loaded successfully","Timestamp":"2025-08-25 00:40:51.734","Level":"INFO","Category":"ModuleLoad"}
{"Message":"UserInterface module loaded successfully","Timestamp":"2025-08-25 00:40:51.747","Level":"INFO","Category":"ModuleLoad"}
{"Message":"NamingConvention module loaded successfully","Timestamp":"2025-08-25 00:40:51.760","Level":"INFO","Category":"ModuleLoad"}
{"Message":"StateAnalyzer module loaded successfully","Timestamp":"2025-08-25 00:40:51.774","Level":"INFO","Category":"ModuleLoad"}
{"Message":"VersionManager module loaded successfully","Timestamp":"2025-08-25 00:40:51.790","Level":"INFO","Category":"ModuleLoad"}
{"Message":"PlanManager module loaded successfully","Timestamp":"2025-08-25 00:40:51.805","Level":"INFO","Category":"ModuleLoad"}
{"Message":"User interface header displayed","Timestamp":"2025-08-25 00:40:51.855","Level":"INFO","Category":"UserInterface"}
{"Message":"Operation \u0027TheTVDB Authentication\u0027 completed in 298.5682ms","Timestamp":"2025-08-25 00:40:52.162","Level":"INFO","ExtraData":{"Operation":"TheTVDB Authentication","Success":true,"DurationMs":298.5682},"Category":"Performance"}
{"Message":"User entered Series ID: 452826","Timestamp":"2025-08-25 00:40:55.654","Level":"INFO","Category":"UserInterface"}
{"Message":"Operation \u0027Series Info Retrieval\u0027 completed in 437.6284ms","Timestamp":"2025-08-25 00:40:56.097","Level":"INFO","ExtraData":{"Operation":"Series Info Retrieval","Success":true,"DurationMs":437.6284},"Category":"Performance"}
{"Message":"Displaying series verification for: Please Put Them On, Takamine-san (ID: 452826)","Timestamp":"2025-08-25 00:40:56.104","Level":"INFO","Category":"UserInterface"}
{"Message":"User confirmed series: Please Put Them On, Takamine-san","Timestamp":"2025-08-25 00:41:01.052","Level":"INFO","Category":"UserInterface"}
{"Message":"User selected working directory: Z:\\Media\\NSFW\\Haite Kudasai, Takamine-san [tvdb-452826]","Timestamp":"2025-08-25 00:41:06.494","Level":"INFO","Category":"UserInterface"}
{"Message":"User selected operation type: Rename Only","Timestamp":"2025-08-25 00:41:08.138","Level":"INFO","Category":"UserInterface"}
{"Message":"Found 14 video files in directory: Z:\\Media\\NSFW\\Haite Kudasai, Takamine-san [tvdb-452826]","Timestamp":"2025-08-25 00:41:08.181","Level":"INFO","Category":"FileOperations"}
{"Message":"Operation \u0027Episode Info Retrieval\u0027 completed in 2679.1682ms","Timestamp":"2025-08-25 00:41:10.873","Level":"INFO","ExtraData":{"Operation":"Episode Info Retrieval","Success":true,"DurationMs":2679.1682},"Category":"Performance"}
{"Message":"Using new modular naming and versioning system","Timestamp":"2025-08-25 00:41:10.874","Level":"INFO","Category":"ModularSystem"}
{"Message":"Processing 1 episodes with duplicates using versioning system","Timestamp":"2025-08-25 00:41:10.961","Level":"INFO","Category":"Versioning"}
{"Message":"Error in main workflow: Cannot bind argument to parameter \u0027FileName\u0027 because it is an empty string.","Timestamp":"2025-08-25 00:41:10.986","Level":"ERROR","Category":"Workflow"}
