{"Message":"Logging module loaded successfully","Timestamp":"2025-08-25 00:03:34.214","Level":"INFO","Category":"ModuleLoad"}
{"Message":"TheTVDB module loaded successfully","Timestamp":"2025-08-25 00:03:34.298","Level":"INFO","Category":"ModuleLoad"}
{"Message":"FileParser module loaded successfully","Timestamp":"2025-08-25 00:03:34.322","Level":"INFO","Category":"ModuleLoad"}
{"Message":"ErrorHandling module loaded successfully","Timestamp":"2025-08-25 00:03:34.355","Level":"INFO","Category":"ModuleLoad"}
{"Message":"FileOperations module loaded successfully","Timestamp":"2025-08-25 00:03:34.375","Level":"INFO","Category":"ModuleLoad"}
{"Message":"UserInterface module loaded successfully","Timestamp":"2025-08-25 00:03:34.405","Level":"INFO","Category":"ModuleLoad"}
{"Message":"NamingConvention module loaded successfully","Timestamp":"2025-08-25 00:03:34.420","Level":"INFO","Category":"ModuleLoad"}
{"Message":"StateAnalyzer module loaded successfully","Timestamp":"2025-08-25 00:03:34.432","Level":"INFO","Category":"ModuleLoad"}
{"Message":"VersionManager module loaded successfully","Timestamp":"2025-08-25 00:03:34.444","Level":"INFO","Category":"ModuleLoad"}
{"Message":"PlanManager module loaded successfully","Timestamp":"2025-08-25 00:03:34.472","Level":"INFO","Category":"ModuleLoad"}
{"Message":"User interface header displayed","Timestamp":"2025-08-25 00:03:34.521","Level":"INFO","Category":"UserInterface"}
{"Message":"Operation \u0027TheTVDB Authentication\u0027 completed in 366.6118ms","Timestamp":"2025-08-25 00:03:34.892","Level":"INFO","ExtraData":{"Operation":"TheTVDB Authentication","Success":true,"DurationMs":366.6118},"Category":"Performance"}
{"Message":"User entered Series ID: 452826","Timestamp":"2025-08-25 00:03:38.906","Level":"INFO","Category":"UserInterface"}
{"Message":"Operation \u0027Series Info Retrieval\u0027 completed in 422.3245ms","Timestamp":"2025-08-25 00:03:39.333","Level":"INFO","ExtraData":{"Operation":"Series Info Retrieval","Success":true,"DurationMs":422.3245},"Category":"Performance"}
{"Message":"Displaying series verification for: Please Put Them On, Takamine-san (ID: 452826)","Timestamp":"2025-08-25 00:03:39.341","Level":"INFO","Category":"UserInterface"}
{"Message":"User confirmed series: Please Put Them On, Takamine-san","Timestamp":"2025-08-25 00:03:39.744","Level":"INFO","Category":"UserInterface"}
{"Message":"User selected working directory: Z:\\Media\\NSFW\\Haite Kudasai, Takamine-san [tvdb-452826]","Timestamp":"2025-08-25 00:03:45.626","Level":"INFO","Category":"UserInterface"}
{"Message":"User selected operation type: Rename Only","Timestamp":"2025-08-25 00:03:47.757","Level":"INFO","Category":"UserInterface"}
{"Message":"Found 14 video files in directory: Z:\\Media\\NSFW\\Haite Kudasai, Takamine-san [tvdb-452826]","Timestamp":"2025-08-25 00:03:47.798","Level":"INFO","Category":"FileOperations"}
{"Message":"Operation \u0027Episode Info Retrieval\u0027 completed in 2677.4561ms","Timestamp":"2025-08-25 00:03:50.488","Level":"INFO","ExtraData":{"Operation":"Episode Info Retrieval","Success":true,"DurationMs":2677.4561000000003},"Category":"Performance"}
{"Message":"Using new modular naming and versioning system","Timestamp":"2025-08-25 00:03:50.492","Level":"INFO","Category":"ModularSystem"}
{"Message":"Error in main workflow: Cannot bind argument to parameter \u0027FilesToRename\u0027 because it is an empty collection.","Timestamp":"2025-08-25 00:03:50.584","Level":"ERROR","Category":"Workflow"}
