{"Message":"Logging module loaded successfully","Timestamp":"2025-08-25 02:47:26.541","Level":"INFO","Category":"ModuleLoad"}
{"Message":"TheTVDB module loaded successfully","Timestamp":"2025-08-25 02:47:26.835","Level":"INFO","Category":"ModuleLoad"}
{"Message":"FileParser module loaded successfully","Timestamp":"2025-08-25 02:47:26.863","Level":"INFO","Category":"ModuleLoad"}
{"Message":"ErrorHandling module loaded successfully","Timestamp":"2025-08-25 02:47:26.895","Level":"INFO","Category":"ModuleLoad"}
{"Message":"FileOperations module loaded successfully","Timestamp":"2025-08-25 02:47:26.911","Level":"INFO","Category":"ModuleLoad"}
{"Message":"UserInterface module loaded successfully","Timestamp":"2025-08-25 02:47:26.923","Level":"INFO","Category":"ModuleLoad"}
{"Message":"NamingConvention module loaded successfully","Timestamp":"2025-08-25 02:47:26.937","Level":"INFO","Category":"ModuleLoad"}
{"Message":"StateAnalyzer module loaded successfully","Timestamp":"2025-08-25 02:47:26.949","Level":"INFO","Category":"ModuleLoad"}
{"Message":"VersionManager module loaded successfully","Timestamp":"2025-08-25 02:47:26.964","Level":"INFO","Category":"ModuleLoad"}
{"Message":"PlanManager module loaded successfully","Timestamp":"2025-08-25 02:47:26.975","Level":"INFO","Category":"ModuleLoad"}
{"Message":"User interface header displayed","Timestamp":"2025-08-25 02:47:27.026","Level":"INFO","Category":"UserInterface"}
{"Message":"Operation \u0027TheTVDB Authentication\u0027 completed in 324.2721ms","Timestamp":"2025-08-25 02:47:27.356","Level":"INFO","ExtraData":{"Operation":"TheTVDB Authentication","Success":true,"DurationMs":324.2721},"Category":"Performance"}
{"Message":"User entered Series ID: 388644","Timestamp":"2025-08-25 02:47:30.823","Level":"INFO","Category":"UserInterface"}
{"Message":"Operation \u0027Series Info Retrieval\u0027 completed in 436.1144ms","Timestamp":"2025-08-25 02:47:31.263","Level":"INFO","ExtraData":{"Operation":"Series Info Retrieval","Success":true,"DurationMs":436.11440000000005},"Category":"Performance"}
{"Message":"Displaying series verification for: World\u0027s End Harem (ID: 388644)","Timestamp":"2025-08-25 02:47:31.271","Level":"INFO","Category":"UserInterface"}
{"Message":"User confirmed series: World\u0027s End Harem","Timestamp":"2025-08-25 02:47:33.020","Level":"INFO","Category":"UserInterface"}
{"Message":"User selected working directory: Z:\\Media\\NSFW\\World\u0027s End Harem [tvdb-388644]","Timestamp":"2025-08-25 02:47:37.075","Level":"INFO","Category":"UserInterface"}
{"Message":"User selected operation type: Rename Only","Timestamp":"2025-08-25 02:47:38.512","Level":"INFO","Category":"UserInterface"}
{"Message":"Found 13 video files in directory: Z:\\Media\\NSFW\\World\u0027s End Harem [tvdb-388644]","Timestamp":"2025-08-25 02:47:38.563","Level":"INFO","Category":"FileOperations"}
{"Message":"Operation \u0027Episode Info Retrieval\u0027 completed in 4270.7647ms","Timestamp":"2025-08-25 02:47:42.846","Level":"INFO","ExtraData":{"Operation":"Episode Info Retrieval","Success":true,"DurationMs":4270.7647000000006},"Category":"Performance"}
{"Message":"Using new modular naming and versioning system","Timestamp":"2025-08-25 02:47:42.851","Level":"INFO","Category":"ModularSystem"}
{"Message":"Creating comprehensive operation plan","Timestamp":"2025-08-25 02:47:43.132","Level":"INFO","Category":"Planning"}
{"Message":"File Analysis Complete - Total: 11, Skip: 11, Rename: 0, Duplicates: 0, Specials: 0","Timestamp":"2025-08-25 02:47:43.294","Level":"INFO","Category":"Analysis"}
