{"Message":"Logging module loaded successfully","Timestamp":"2025-08-25 02:57:30.592","Level":"INFO","Category":"ModuleLoad"}
{"Message":"TheTVDB module loaded successfully","Timestamp":"2025-08-25 02:57:30.676","Level":"INFO","Category":"ModuleLoad"}
{"Message":"FileParser module loaded successfully","Timestamp":"2025-08-25 02:57:30.695","Level":"INFO","Category":"ModuleLoad"}
{"Message":"ErrorHandling module loaded successfully","Timestamp":"2025-08-25 02:57:30.725","Level":"INFO","Category":"ModuleLoad"}
{"Message":"FileOperations module loaded successfully","Timestamp":"2025-08-25 02:57:30.741","Level":"INFO","Category":"ModuleLoad"}
{"Message":"UserInterface module loaded successfully","Timestamp":"2025-08-25 02:57:30.757","Level":"INFO","Category":"ModuleLoad"}
{"Message":"NamingConvention module loaded successfully","Timestamp":"2025-08-25 02:57:30.772","Level":"INFO","Category":"ModuleLoad"}
{"Message":"StateAnalyzer module loaded successfully","Timestamp":"2025-08-25 02:57:30.790","Level":"INFO","Category":"ModuleLoad"}
{"Message":"VersionManager module loaded successfully","Timestamp":"2025-08-25 02:57:30.807","Level":"INFO","Category":"ModuleLoad"}
{"Message":"PlanManager module loaded successfully","Timestamp":"2025-08-25 02:57:30.818","Level":"INFO","Category":"ModuleLoad"}
{"Message":"User interface header displayed","Timestamp":"2025-08-25 02:57:30.869","Level":"INFO","Category":"UserInterface"}
{"Message":"Operation \u0027TheTVDB Authentication\u0027 completed in 335.6206ms","Timestamp":"2025-08-25 02:57:31.213","Level":"INFO","ExtraData":{"Operation":"TheTVDB Authentication","Success":true,"DurationMs":335.6206},"Category":"Performance"}
{"Message":"User entered Series ID: 388644","Timestamp":"2025-08-25 02:57:35.021","Level":"INFO","Category":"UserInterface"}
{"Message":"Operation \u0027Series Info Retrieval\u0027 completed in 419.5006ms","Timestamp":"2025-08-25 02:57:35.444","Level":"INFO","ExtraData":{"Operation":"Series Info Retrieval","Success":true,"DurationMs":419.5006},"Category":"Performance"}
{"Message":"Displaying series verification for: World\u0027s End Harem (ID: 388644)","Timestamp":"2025-08-25 02:57:35.453","Level":"INFO","Category":"UserInterface"}
{"Message":"User confirmed series: World\u0027s End Harem","Timestamp":"2025-08-25 02:57:37.922","Level":"INFO","Category":"UserInterface"}
{"Message":"User selected working directory: Z:\\Media\\NSFW\\World\u0027s End Harem [tvdb-388644]","Timestamp":"2025-08-25 02:57:40.841","Level":"INFO","Category":"UserInterface"}
{"Message":"User selected operation type: Rename Only","Timestamp":"2025-08-25 02:57:43.169","Level":"INFO","Category":"UserInterface"}
{"Message":"Found 13 video files in directory: Z:\\Media\\NSFW\\World\u0027s End Harem [tvdb-388644]","Timestamp":"2025-08-25 02:57:43.210","Level":"INFO","Category":"FileOperations"}
{"Message":"Operation \u0027Episode Info Retrieval\u0027 completed in 4559.8264ms","Timestamp":"2025-08-25 02:57:47.783","Level":"INFO","ExtraData":{"Operation":"Episode Info Retrieval","Success":true,"DurationMs":4559.8264},"Category":"Performance"}
{"Message":"Using new modular naming and versioning system","Timestamp":"2025-08-25 02:57:47.788","Level":"INFO","Category":"ModularSystem"}
{"Message":"Creating comprehensive operation plan","Timestamp":"2025-08-25 02:57:48.050","Level":"INFO","Category":"Planning"}
{"Message":"File Analysis Complete - Total: 11, Skip: 11, Rename: 0, Duplicates: 0, Specials: 0","Timestamp":"2025-08-25 02:57:48.217","Level":"INFO","Category":"Analysis"}
{"Message":"Displaying preview of 11 file operations","Timestamp":"2025-08-25 02:57:48.225","Level":"INFO","Category":"UserInterface"}
{"Message":"Preview displayed - Operations: 11, Folders: 11","Timestamp":"2025-08-25 02:57:48.263","Level":"INFO","Category":"UserInterface"}
