{"Message":"Logging module loaded successfully","Timestamp":"2025-08-25 00:38:29.561","Level":"INFO","Category":"ModuleLoad"}
{"Message":"TheTVDB module loaded successfully","Timestamp":"2025-08-25 00:38:29.644","Level":"INFO","Category":"ModuleLoad"}
{"Message":"FileParser module loaded successfully","Timestamp":"2025-08-25 00:38:29.663","Level":"INFO","Category":"ModuleLoad"}
{"Message":"ErrorHandling module loaded successfully","Timestamp":"2025-08-25 00:38:29.698","Level":"INFO","Category":"ModuleLoad"}
{"Message":"FileOperations module loaded successfully","Timestamp":"2025-08-25 00:38:29.715","Level":"INFO","Category":"ModuleLoad"}
{"Message":"UserInterface module loaded successfully","Timestamp":"2025-08-25 00:38:29.728","Level":"INFO","Category":"ModuleLoad"}
{"Message":"NamingConvention module loaded successfully","Timestamp":"2025-08-25 00:38:29.748","Level":"INFO","Category":"ModuleLoad"}
{"Message":"StateAnalyzer module loaded successfully","Timestamp":"2025-08-25 00:38:29.765","Level":"INFO","Category":"ModuleLoad"}
{"Message":"VersionManager module loaded successfully","Timestamp":"2025-08-25 00:38:29.782","Level":"INFO","Category":"ModuleLoad"}
{"Message":"PlanManager module loaded successfully","Timestamp":"2025-08-25 00:38:29.800","Level":"INFO","Category":"ModuleLoad"}
{"Message":"User interface header displayed","Timestamp":"2025-08-25 00:38:29.856","Level":"INFO","Category":"UserInterface"}
{"Message":"Operation \u0027TheTVDB Authentication\u0027 completed in 329.6738ms","Timestamp":"2025-08-25 00:38:30.194","Level":"INFO","ExtraData":{"Operation":"TheTVDB Authentication","Success":true,"DurationMs":329.6738},"Category":"Performance"}
{"Message":"User entered Series ID: 452826","Timestamp":"2025-08-25 00:38:33.788","Level":"INFO","Category":"UserInterface"}
{"Message":"Operation \u0027Series Info Retrieval\u0027 completed in 571.5801ms","Timestamp":"2025-08-25 00:38:34.361","Level":"INFO","ExtraData":{"Operation":"Series Info Retrieval","Success":true,"DurationMs":571.5801},"Category":"Performance"}
{"Message":"Displaying series verification for: Please Put Them On, Takamine-san (ID: 452826)","Timestamp":"2025-08-25 00:38:34.374","Level":"INFO","Category":"UserInterface"}
{"Message":"User confirmed series: Please Put Them On, Takamine-san","Timestamp":"2025-08-25 00:38:38.661","Level":"INFO","Category":"UserInterface"}
{"Message":"User selected working directory: Z:\\Media\\NSFW\\Haite Kudasai, Takamine-san [tvdb-452826]","Timestamp":"2025-08-25 00:38:41.001","Level":"INFO","Category":"UserInterface"}
{"Message":"User selected operation type: Rename Only","Timestamp":"2025-08-25 00:38:42.912","Level":"INFO","Category":"UserInterface"}
{"Message":"Found 14 video files in directory: Z:\\Media\\NSFW\\Haite Kudasai, Takamine-san [tvdb-452826]","Timestamp":"2025-08-25 00:38:42.955","Level":"INFO","Category":"FileOperations"}
{"Message":"Operation \u0027Episode Info Retrieval\u0027 completed in 2765.8524ms","Timestamp":"2025-08-25 00:38:45.730","Level":"INFO","ExtraData":{"Operation":"Episode Info Retrieval","Success":true,"DurationMs":2765.8524},"Category":"Performance"}
{"Message":"Using new modular naming and versioning system","Timestamp":"2025-08-25 00:38:45.735","Level":"INFO","Category":"ModularSystem"}
{"Message":"Processing 1 episodes with duplicates using versioning system","Timestamp":"2025-08-25 00:38:45.825","Level":"INFO","Category":"Versioning"}
{"Message":"Error in main workflow: Cannot bind argument to parameter \u0027FileName\u0027 because it is an empty string.","Timestamp":"2025-08-25 00:38:45.844","Level":"ERROR","Category":"Workflow"}
