{"Message":"Logging module loaded successfully","Timestamp":"2025-08-25 01:57:43.521","Level":"INFO","Category":"ModuleLoad"}
{"Message":"TheTVDB module loaded successfully","Timestamp":"2025-08-25 01:57:43.601","Level":"INFO","Category":"ModuleLoad"}
{"Message":"FileParser module loaded successfully","Timestamp":"2025-08-25 01:57:43.616","Level":"INFO","Category":"ModuleLoad"}
{"Message":"ErrorHandling module loaded successfully","Timestamp":"2025-08-25 01:57:43.643","Level":"INFO","Category":"ModuleLoad"}
{"Message":"FileOperations module loaded successfully","Timestamp":"2025-08-25 01:57:43.674","Level":"INFO","Category":"ModuleLoad"}
{"Message":"UserInterface module loaded successfully","Timestamp":"2025-08-25 01:57:43.687","Level":"INFO","Category":"ModuleLoad"}
{"Message":"NamingConvention module loaded successfully","Timestamp":"2025-08-25 01:57:43.715","Level":"INFO","Category":"ModuleLoad"}
{"Message":"StateAnalyzer module loaded successfully","Timestamp":"2025-08-25 01:57:43.741","Level":"INFO","Category":"ModuleLoad"}
{"Message":"VersionManager module loaded successfully","Timestamp":"2025-08-25 01:57:43.767","Level":"INFO","Category":"ModuleLoad"}
{"Message":"PlanManager module loaded successfully","Timestamp":"2025-08-25 01:57:43.781","Level":"INFO","Category":"ModuleLoad"}
{"Message":"User interface header displayed","Timestamp":"2025-08-25 01:57:43.831","Level":"INFO","Category":"UserInterface"}
{"Message":"Operation \u0027TheTVDB Authentication\u0027 completed in 309.2854ms","Timestamp":"2025-08-25 01:57:44.148","Level":"INFO","ExtraData":{"Operation":"TheTVDB Authentication","Success":true,"DurationMs":309.28540000000004},"Category":"Performance"}
{"Message":"User entered Series ID: 388644","Timestamp":"2025-08-25 01:57:55.366","Level":"INFO","Category":"UserInterface"}
{"Message":"Operation \u0027Series Info Retrieval\u0027 completed in 463.348ms","Timestamp":"2025-08-25 01:57:55.836","Level":"INFO","ExtraData":{"Operation":"Series Info Retrieval","Success":true,"DurationMs":463.348},"Category":"Performance"}
{"Message":"Displaying series verification for: World\u0027s End Harem (ID: 388644)","Timestamp":"2025-08-25 01:57:55.845","Level":"INFO","Category":"UserInterface"}
{"Message":"User confirmed series: World\u0027s End Harem","Timestamp":"2025-08-25 01:57:57.517","Level":"INFO","Category":"UserInterface"}
{"Message":"User selected working directory: Z:\\Media\\NSFW\\World\u0027s End Harem [tvdb-388644]","Timestamp":"2025-08-25 01:58:11.791","Level":"INFO","Category":"UserInterface"}
{"Message":"User selected operation type: Rename Only","Timestamp":"2025-08-25 01:58:14.003","Level":"INFO","Category":"UserInterface"}
{"Message":"Found 13 video files in directory: Z:\\Media\\NSFW\\World\u0027s End Harem [tvdb-388644]","Timestamp":"2025-08-25 01:58:14.046","Level":"INFO","Category":"FileOperations"}
{"Message":"Operation \u0027Episode Info Retrieval\u0027 completed in 4037.5963ms","Timestamp":"2025-08-25 01:58:18.096","Level":"INFO","ExtraData":{"Operation":"Episode Info Retrieval","Success":true,"DurationMs":4037.5963},"Category":"Performance"}
{"Message":"Using new modular naming and versioning system","Timestamp":"2025-08-25 01:58:18.099","Level":"INFO","Category":"ModularSystem"}
{"Message":"Error in main workflow: Cannot bind argument to parameter \u0027EpisodeInfo\u0027 because it is null.","Timestamp":"2025-08-25 01:58:18.171","Level":"ERROR","Category":"Workflow"}
