{"Message":"Logging module loaded successfully","Timestamp":"2025-08-24 18:35:33.809","Level":"INFO","Category":"ModuleLoad"}
{"Message":"TheTVDB module loaded successfully","Timestamp":"2025-08-24 18:35:33.904","Level":"INFO","Category":"ModuleLoad"}
{"Message":"FileParser module loaded successfully","Timestamp":"2025-08-24 18:35:33.925","Level":"INFO","Category":"ModuleLoad"}
{"Message":"ErrorHandling module loaded successfully","Timestamp":"2025-08-24 18:35:33.960","Level":"INFO","Category":"ModuleLoad"}
{"Message":"FileOperations module loaded successfully","Timestamp":"2025-08-24 18:35:33.979","Level":"INFO","Category":"ModuleLoad"}
{"Message":"UserInterface module loaded successfully","Timestamp":"2025-08-24 18:35:33.992","Level":"INFO","Category":"ModuleLoad"}
{"Message":"User interface header displayed","Timestamp":"2025-08-24 18:35:34.042","Level":"INFO","Category":"UserInterface"}
{"Message":"Operation \u0027TheTVDB Authentication\u0027 completed in 369.4287ms","Timestamp":"2025-08-24 18:35:34.421","Level":"INFO","ExtraData":{"Operation":"TheTVDB Authentication","Success":true,"DurationMs":369.4287},"Category":"Performance"}
{"Message":"User entered Series ID: 371662","Timestamp":"2025-08-24 18:35:40.613","Level":"INFO","Category":"UserInterface"}
{"Message":"Operation \u0027Series Info Retrieval\u0027 completed in 417.3031ms","Timestamp":"2025-08-24 18:35:41.053","Level":"INFO","ExtraData":{"Operation":"Series Info Retrieval","Success":true,"DurationMs":417.30310000000003},"Category":"Performance"}
{"Message":"Displaying series verification for: Interspecies Reviewers (ID: 371662)","Timestamp":"2025-08-24 18:35:41.061","Level":"INFO","Category":"UserInterface"}
{"Message":"User confirmed series: Interspecies Reviewers","Timestamp":"2025-08-24 18:35:46.200","Level":"INFO","Category":"UserInterface"}
{"Message":"User selected working directory: Z:\\Media\\NSFW\\Interspecies Reviewers [tvdb-371662]","Timestamp":"2025-08-24 18:35:52.658","Level":"INFO","Category":"UserInterface"}
{"Message":"User selected operation type: Rename Only","Timestamp":"2025-08-24 18:35:54.329","Level":"INFO","Category":"UserInterface"}
{"Message":"Found 15 video files in directory: Z:\\Media\\NSFW\\Interspecies Reviewers [tvdb-371662]","Timestamp":"2025-08-24 18:35:54.375","Level":"INFO","Category":"FileOperations"}
{"Message":"Operation \u0027Episode Info Retrieval\u0027 completed in 3146.1074ms","Timestamp":"2025-08-24 18:35:57.533","Level":"INFO","ExtraData":{"Operation":"Episode Info Retrieval","Success":true,"DurationMs":3146.1074000000003},"Category":"Performance"}
{"Message":"Displaying preview of 12 file operations","Timestamp":"2025-08-24 18:35:57.720","Level":"INFO","Category":"UserInterface"}
{"Message":"Preview displayed - Operations: 12, Folders: 12","Timestamp":"2025-08-24 18:35:57.757","Level":"INFO","Category":"UserInterface"}
{"Message":"Displaying confirmation dialog","Timestamp":"2025-08-24 18:35:57.765","Level":"INFO","Category":"UserInterface"}
{"Message":"User confirmed to proceed with file operations","Timestamp":"2025-08-24 18:35:59.439","Level":"INFO","Category":"UserInterface"}
{"Message":"Rename log written to: Z:\\Media\\NSFW\\Interspecies Reviewers [tvdb-371662]\\rename_log_Interspecies Reviewers_2025-08-24_18-35-59.txt","Timestamp":"2025-08-24 18:35:59.467","Level":"INFO","Category":"FileOperations"}
{"Message":"Starting file operations for 12 files","Timestamp":"2025-08-24 18:35:59.476","Level":"INFO","Category":"FileOperations"}
{"Message":"File operations completed - Success: 0, Errors: 0, Folders: 0","Timestamp":"2025-08-24 18:35:59.622","Level":"INFO","Category":"FileOperations"}
{"Message":"All operations completed without errors","Timestamp":"2025-08-24 18:35:59.626","Level":"INFO","Category":"FileOperations"}
{"Message":"Folder already has TVDB ID format: Interspecies Reviewers [tvdb-371662]","Timestamp":"2025-08-24 18:35:59.630","Level":"INFO","Category":"FileOperations"}
{"Message":"Anime organization completed successfully for: Interspecies Reviewers","Timestamp":"2025-08-24 18:35:59.634","Level":"INFO","Category":"Complete"}
