{"Message":"Logging module loaded successfully","Timestamp":"2025-08-24 18:27:31.298","Level":"INFO","Category":"ModuleLoad"}
{"Message":"TheTVDB module loaded successfully","Timestamp":"2025-08-24 18:27:31.390","Level":"INFO","Category":"ModuleLoad"}
{"Message":"FileParser module loaded successfully","Timestamp":"2025-08-24 18:27:31.407","Level":"INFO","Category":"ModuleLoad"}
{"Message":"ErrorHandling module loaded successfully","Timestamp":"2025-08-24 18:27:31.431","Level":"INFO","Category":"ModuleLoad"}
{"Message":"FileOperations module loaded successfully","Timestamp":"2025-08-24 18:27:31.449","Level":"INFO","Category":"ModuleLoad"}
{"Message":"UserInterface module loaded successfully","Timestamp":"2025-08-24 18:27:31.463","Level":"INFO","Category":"ModuleLoad"}
{"Message":"User interface header displayed","Timestamp":"2025-08-24 18:27:31.551","Level":"INFO","Category":"UserInterface"}
{"Message":"Operation \u0027TheTVDB Authentication\u0027 completed in 404.9238ms","Timestamp":"2025-08-24 18:27:31.965","Level":"INFO","ExtraData":{"Operation":"TheTVDB Authentication","Success":true,"DurationMs":404.9238},"Category":"Performance"}
{"Message":"User entered Series ID: 371662","Timestamp":"2025-08-24 18:27:34.751","Level":"INFO","Category":"UserInterface"}
{"Message":"Operation \u0027Series Info Retrieval\u0027 completed in 506.2242ms","Timestamp":"2025-08-24 18:27:35.278","Level":"INFO","ExtraData":{"Operation":"Series Info Retrieval","Success":true,"DurationMs":506.2242},"Category":"Performance"}
{"Message":"Displaying series verification for: Interspecies Reviewers (ID: 371662)","Timestamp":"2025-08-24 18:27:35.285","Level":"INFO","Category":"UserInterface"}
{"Message":"User confirmed series: Interspecies Reviewers","Timestamp":"2025-08-24 18:27:44.666","Level":"INFO","Category":"UserInterface"}
{"Message":"User selected working directory: Z:\\Media\\NSFW\\Interspecies Reviewers [tvdb-371662]","Timestamp":"2025-08-24 18:27:46.326","Level":"INFO","Category":"UserInterface"}
{"Message":"User selected operation type: Rename Only","Timestamp":"2025-08-24 18:27:47.991","Level":"INFO","Category":"UserInterface"}
{"Message":"Found 15 video files in directory: Z:\\Media\\NSFW\\Interspecies Reviewers [tvdb-371662]","Timestamp":"2025-08-24 18:27:48.036","Level":"INFO","Category":"FileOperations"}
{"Message":"Operation \u0027Episode Info Retrieval\u0027 completed in 3475.6521ms","Timestamp":"2025-08-24 18:27:51.523","Level":"INFO","ExtraData":{"Operation":"Episode Info Retrieval","Success":true,"DurationMs":3475.6521000000002},"Category":"Performance"}
{"Message":"Displaying preview of 12 file operations","Timestamp":"2025-08-24 18:27:51.707","Level":"INFO","Category":"UserInterface"}
{"Message":"Preview displayed - Operations: 12, Folders: 12","Timestamp":"2025-08-24 18:27:51.749","Level":"INFO","Category":"UserInterface"}
{"Message":"Displaying confirmation dialog","Timestamp":"2025-08-24 18:27:51.757","Level":"INFO","Category":"UserInterface"}
{"Message":"User confirmed to proceed with file operations","Timestamp":"2025-08-24 18:27:53.070","Level":"INFO","Category":"UserInterface"}
{"Message":"Rename log written to: Z:\\Media\\NSFW\\Interspecies Reviewers [tvdb-371662]\\rename_log_Interspecies Reviewers_2025-08-24_18-27-53.txt","Timestamp":"2025-08-24 18:27:53.100","Level":"INFO","Category":"FileOperations"}
{"Message":"Starting file operations for 12 files","Timestamp":"2025-08-24 18:27:53.108","Level":"INFO","Category":"FileOperations"}
{"Message":"Successfully moved file: Interspecies Reviewers-S01E01-Episode 1.mkv -\u003e Interspecies Reviewers.S01E01.Episode 1.mkv","Timestamp":"2025-08-24 18:28:03.359","Level":"INFO","Category":"FileOperations"}
{"Message":"Successfully moved file: Interspecies Reviewers-S01E02-A Hot \u0027n Heavy Debate About Elf and Human MILFS, An Angel Ascends at Meow Meow Paradise, Can\u0027t Get Enough of That Sensitive Birdmaid Cloaca!.mkv -\u003e Interspecies Reviewers.S01E02.A Hot \u0027n Heavy Debate About Elf and Human MILFS, An Angel Ascends at Meow Meow Paradise, Can\u0027t Get Enough of That Sensitive Birdmaid Cloaca!.mkv","Timestamp":"2025-08-24 18:28:12.124","Level":"INFO","Category":"FileOperations"}
{"Message":"Successfully moved file: Interspecies Reviewers-S01E03-Fairies Have Limits on What They Can Take, Demons Aren\u0027t Very Popular, Minotaur Girls Are Big, Bountiful, and Boobylicious!.mkv -\u003e Interspecies Reviewers.S01E03.Fairies Have Limits on What They Can Take, Demons Aren\u0027t Very Popular, Minotaur Girls Are Big, Bountiful, and Boobylicious!.mkv","Timestamp":"2025-08-24 18:28:19.938","Level":"INFO","Category":"FileOperations"}
{"Message":"Successfully moved file: Interspecies Reviewers-S01E04-Gender-Swap Sex Means Less Succu-Girl Choices, and It Kinda Hurts, But You Learn Just What Girls Feel, So You Should Give It a Try!.mkv -\u003e Interspecies Reviewers.S01E04.Gender-Swap Sex Means Less Succu-Girl Choices, and It Kinda Hurts, But You Learn Just What Girls Feel, So You Should Give It a Try!.mkv","Timestamp":"2025-08-24 18:28:32.319","Level":"INFO","Category":"FileOperations"}
{"Message":"Successfully moved file: Interspecies Reviewers-S01E05-Savage Succubi Will Squeeze the Life Out of You Even If You Say You Can\u0027t Go On, Salamander Girls Have Such Hot Bods, Hearts, Sals, and Manders, that You Can\u0027t Help But Get Fired Up About \u0027Em!.mkv -\u003e Interspecies Reviewers.S01E05.Savage Succubi Will Squeeze the Life Out of You Even If You Say You Can\u0027t Go On, Salamander Girls Have Such Hot Bods, Hearts, Sals, and Manders, that You Can\u0027t Help But Get Fired Up About \u0027Em!.mkv","Timestamp":"2025-08-24 18:28:42.594","Level":"INFO","Category":"FileOperations"}
{"Message":"Successfully moved file: Interspecies Reviewers-S01E06-I Wanna Drown in a Cyclops Girl\u0027s Pretty Eye, But It\u0027s Pretty Hard Speaking of Hard, Let the Pros Pick Out the Perfect Mushroom Girl for a Slimy, Sticky Good Time!.mkv -\u003e Interspecies Reviewers.S01E06.I Wanna Drown in a Cyclops Girl\u0027s Pretty Eye, But It\u0027s Pretty Hard Speaking of Hard, Let the Pros Pick Out the Perfect Mushroom Girl for a Slimy, Sticky Good Time!.mkv","Timestamp":"2025-08-24 18:28:52.306","Level":"INFO","Category":"FileOperations"}
{"Message":"Successfully moved file: Interspecies Reviewers-S01E07-You Can Build the Perfect Golem Girl, But Don\u0027t Let the Girl You Base Her Off of Find Out. Cum to the Land of Dreams on the Light of the Will o\u0027 the Wisps!.mkv -\u003e Interspecies Reviewers.S01E07.You Can Build the Perfect Golem Girl, But Don\u0027t Let the Girl You Base Her Off of Find Out. Cum to the Land of Dreams on the Light of the Will o\u0027 the Wisps!.mkv","Timestamp":"2025-08-24 18:29:02.156","Level":"INFO","Category":"FileOperations"}
{"Message":"Successfully moved file: Interspecies Reviewers-S01E08-The Gang Gets Laid at the Egg-stravagant Egg-Laying Show, Miss Meidri\u0027s Deep, Dark Secret Uncovered, and the Succu-Girl Popularity Ranking is Unveiled!.mkv -\u003e Interspecies Reviewers.S01E08.The Gang Gets Laid at the Egg-stravagant Egg-Laying Show, Miss Meidri\u0027s Deep, Dark Secret Uncovered, and the Succu-Girl Popularity Ranking is Unveiled!.mkv","Timestamp":"2025-08-24 18:29:13.069","Level":"INFO","Category":"FileOperations"}
{"Message":"Successfully moved file: Interspecies Reviewers-S01E09-Succu-girl Roleplay Will Get You Going All Night, The Angel\u0027s Holy Lance is Great at Lancing Holes, The Succubus Tower Lasts Forever, But You (and Your Mayo) Won\u0027t!.mkv -\u003e Interspecies Reviewers.S01E09.Succu-girl Roleplay Will Get You Going All Night, The Angel\u0027s Holy Lance is Great at Lancing Holes, The Succubus Tower Lasts Forever, But You (and Your Mayo) Won\u0027t!.mkv","Timestamp":"2025-08-24 18:29:23.313","Level":"INFO","Category":"FileOperations"}
{"Message":"Successfully moved file: Interspecies Reviewers-S01E10-A Deep, Dark Something Lies Between the Living and the Dead, The Darling Angel\u0027s Lotion Explosion, and the Uncouth, Unsanctioned Reviewer Rivals Are In Their Scene!.mkv -\u003e Interspecies Reviewers.S01E10.A Deep, Dark Something Lies Between the Living and the Dead, The Darling Angel\u0027s Lotion Explosion, and the Uncouth, Unsanctioned Reviewer Rivals Are In Their Scene!.mkv","Timestamp":"2025-08-24 18:29:32.881","Level":"INFO","Category":"FileOperations"}
{"Message":"Successfully moved file: Interspecies Reviewers-S01E11-Let Your Eyes Behold the Glory and Mystery of the Brothel with a Perfect Score! Take a Newlywed of a Horny Tutor or a Little Piggie as Your Lover! They\u0027ll Squeeze, Squeeze, Squeez It Outta Ya!.mkv -\u003e Interspecies Reviewers.S01E11.Let Your Eyes Behold the Glory and Mystery of the Brothel with a Perfect Score! Take a Newlywed of a Horny Tutor or a Little Piggie as Your Lover! They\u0027ll Squeeze, Squeeze, Squeez It Outta Ya!.mkv","Timestamp":"2025-08-24 18:29:41.297","Level":"INFO","Category":"FileOperations"}
{"Message":"Successfully moved file: Interspecies Reviewers-S01E12-The Frighteningly Faultless Philanthropist Sexually Satisfies Several Succubi, Drunken Fools and Their Money Are, Of Course, Soon Parted, and Mitsue\u0027s Room Comes to a Close!.mkv -\u003e Interspecies Reviewers.S01E12.The Frighteningly Faultless Philanthropist Sexually Satisfies Several Succubi, Drunken Fools and Their Money Are, Of Course, Soon Parted, and Mitsue\u0027s Room Comes to a Close!.mkv","Timestamp":"2025-08-24 18:29:49.569","Level":"INFO","Category":"FileOperations"}
{"Message":"File operations completed - Success: 12, Errors: 0, Folders: 0","Timestamp":"2025-08-24 18:29:49.573","Level":"INFO","Category":"FileOperations"}
{"Message":"All operations completed without errors","Timestamp":"2025-08-24 18:29:49.577","Level":"INFO","Category":"FileOperations"}
{"Message":"Folder already has TVDB ID format: Interspecies Reviewers [tvdb-371662]","Timestamp":"2025-08-24 18:29:49.581","Level":"INFO","Category":"FileOperations"}
{"Message":"Anime organization completed successfully for: Interspecies Reviewers","Timestamp":"2025-08-24 18:29:49.581","Level":"INFO","Category":"Complete"}
