{"Message":"Logging module loaded successfully","Timestamp":"2025-08-24 19:40:53.744","Level":"INFO","Category":"ModuleLoad"}
{"Message":"TheTVDB module loaded successfully","Timestamp":"2025-08-24 19:40:53.849","Level":"INFO","Category":"ModuleLoad"}
{"Message":"FileParser module loaded successfully","Timestamp":"2025-08-24 19:40:53.866","Level":"INFO","Category":"ModuleLoad"}
{"Message":"ErrorHandling module loaded successfully","Timestamp":"2025-08-24 19:40:53.911","Level":"INFO","Category":"ModuleLoad"}
{"Message":"FileOperations module loaded successfully","Timestamp":"2025-08-24 19:40:53.945","Level":"INFO","Category":"ModuleLoad"}
{"Message":"UserInterface module loaded successfully","Timestamp":"2025-08-24 19:40:53.974","Level":"INFO","Category":"ModuleLoad"}
{"Message":"User interface header displayed","Timestamp":"2025-08-24 19:40:54.036","Level":"INFO","Category":"UserInterface"}
{"Message":"Operation \u0027TheTVDB Authentication\u0027 completed in 395.0303ms","Timestamp":"2025-08-24 19:40:54.441","Level":"INFO","ExtraData":{"Operation":"TheTVDB Authentication","Success":true,"DurationMs":395.0303},"Category":"Performance"}
{"Message":"User entered Series ID: 371662","Timestamp":"2025-08-24 19:40:59.689","Level":"INFO","Category":"UserInterface"}
{"Message":"Operation \u0027Series Info Retrieval\u0027 completed in 432.7148ms","Timestamp":"2025-08-24 19:41:00.143","Level":"INFO","ExtraData":{"Operation":"Series Info Retrieval","Success":true,"DurationMs":432.7148},"Category":"Performance"}
{"Message":"Displaying series verification for: Interspecies Reviewers (ID: 371662)","Timestamp":"2025-08-24 19:41:00.151","Level":"INFO","Category":"UserInterface"}
{"Message":"User confirmed series: Interspecies Reviewers","Timestamp":"2025-08-24 19:41:02.781","Level":"INFO","Category":"UserInterface"}
{"Message":"User selected working directory: Z:\\Media\\NSFW\\Interspecies Reviewers [tvdb-371662]","Timestamp":"2025-08-24 19:41:08.423","Level":"INFO","Category":"UserInterface"}
{"Message":"User selected operation type: Rename Only","Timestamp":"2025-08-24 19:41:09.940","Level":"INFO","Category":"UserInterface"}
{"Message":"Found 15 video files in directory: Z:\\Media\\NSFW\\Interspecies Reviewers [tvdb-371662]","Timestamp":"2025-08-24 19:41:09.990","Level":"INFO","Category":"FileOperations"}
{"Message":"Operation \u0027Episode Info Retrieval\u0027 completed in 3060.3523ms","Timestamp":"2025-08-24 19:41:13.063","Level":"INFO","ExtraData":{"Operation":"Episode Info Retrieval","Success":true,"DurationMs":3060.3523},"Category":"Performance"}
{"Message":"Displaying preview of 12 file operations","Timestamp":"2025-08-24 19:41:13.253","Level":"INFO","Category":"UserInterface"}
{"Message":"Preview displayed - Operations: 12, Folders: 12","Timestamp":"2025-08-24 19:41:13.291","Level":"INFO","Category":"UserInterface"}
{"Message":"Displaying confirmation dialog","Timestamp":"2025-08-24 19:41:13.300","Level":"INFO","Category":"UserInterface"}
{"Message":"User confirmed to proceed with file operations","Timestamp":"2025-08-24 19:41:21.552","Level":"INFO","Category":"UserInterface"}
{"Message":"Rename log written to: Z:\\Media\\NSFW\\Interspecies Reviewers [tvdb-371662]\\rename_log_Interspecies.Reviewers_2025-08-24_19-41-21.txt","Timestamp":"2025-08-24 19:41:21.585","Level":"INFO","Category":"FileOperations"}
{"Message":"Starting file operations for 12 files","Timestamp":"2025-08-24 19:41:21.594","Level":"INFO","Category":"FileOperations"}
{"Message":"Successfully moved file: Interspecies Reviewers.S01E01.Episode 1.mkv -\u003e Interspecies.Reviewers.S01E01.Episode.1.mkv","Timestamp":"2025-08-24 19:41:21.639","Level":"INFO","Category":"FileOperations"}
{"Message":"Successfully moved file: Interspecies Reviewers.S01E02.A Hot \u0027n Heavy Debate About Elf and Human MILFS, An Angel Ascends at Meow Meow Paradise, Can\u0027t Get Enough of That Sensitive Birdmaid Cloaca!.mkv -\u003e Interspecies.Reviewers.S01E02.A.Hot.\u0027n.Heavy.Debate.About.Elf.and.Human.MILFS,.An.Angel.Ascends.at.Meow.Meow.Paradise,.Can\u0027t.Get.Enough.of.That.Sensitive.Birdmaid.Cloaca!.mkv","Timestamp":"2025-08-24 19:41:21.672","Level":"INFO","Category":"FileOperations"}
{"Message":"Successfully moved file: Interspecies Reviewers.S01E03.Fairies Have Limits on What They Can Take, Demons Aren\u0027t Very Popular, Minotaur Girls Are Big, Bountiful, and Boobylicious!.mkv -\u003e Interspecies.Reviewers.S01E03.Fairies.Have.Limits.on.What.They.Can.Take,.Demons.Aren\u0027t.Very.Popular,.Minotaur.Girls.Are.Big,.Bountiful,.and.Boobylicious!.mkv","Timestamp":"2025-08-24 19:41:21.697","Level":"INFO","Category":"FileOperations"}
{"Message":"Successfully moved file: Interspecies Reviewers.S01E04.Gender-Swap Sex Means Less Succu-Girl Choices, and It Kinda Hurts, But You Learn Just What Girls Feel, So You Should Give It a Try!.mkv -\u003e Interspecies.Reviewers.S01E04.Gender-Swap.Sex.Means.Less.Succu-Girl.Choices,.and.It.Kinda.Hurts,.But.You.Learn.Just.What.Girls.Feel,.So.You.Should.Give.It.a.Try!.mkv","Timestamp":"2025-08-24 19:41:21.719","Level":"INFO","Category":"FileOperations"}
{"Message":"Successfully moved file: Interspecies Reviewers.S01E05.Savage Succubi Will Squeeze the Life Out of You Even If You Say You Can\u0027t Go On, Salamander Girls Have Such Hot Bods, Hearts, Sals, and Manders, that You Can\u0027t Help But Get Fired Up About \u0027Em!.mkv -\u003e Interspecies.Reviewers.S01E05.Savage.Succubi.Will.Squeeze.the.Life.Out.of.You.Even.If.You.Say.You.Can\u0027t.Go.On,.Salamander.Girls.Have.Such.Hot.Bods,.Hearts,.Sals,.and.Manders,.that.You.Can\u0027t.Help.But.Get.Fired.Up.About.\u0027Em!.mkv","Timestamp":"2025-08-24 19:41:21.739","Level":"INFO","Category":"FileOperations"}
{"Message":"Successfully moved file: Interspecies Reviewers.S01E06.I Wanna Drown in a Cyclops Girl\u0027s Pretty Eye, But It\u0027s Pretty Hard Speaking of Hard, Let the Pros Pick Out the Perfect Mushroom Girl for a Slimy, Sticky Good Time!.mkv -\u003e Interspecies.Reviewers.S01E06.I.Wanna.Drown.in.a.Cyclops.Girl\u0027s.Pretty.Eye,.But.It\u0027s.Pretty.Hard.Speaking.of.Hard,.Let.the.Pros.Pick.Out.the.Perfect.Mushroom.Girl.for.a.Slimy,.Sticky.Good.Time!.mkv","Timestamp":"2025-08-24 19:41:21.764","Level":"INFO","Category":"FileOperations"}
{"Message":"Successfully moved file: Interspecies Reviewers.S01E07.You Can Build the Perfect Golem Girl, But Don\u0027t Let the Girl You Base Her Off of Find Out. Cum to the Land of Dreams on the Light of the Will o\u0027 the Wisps!.mkv -\u003e Interspecies.Reviewers.S01E07.You.Can.Build.the.Perfect.Golem.Girl,.But.Don\u0027t.Let.the.Girl.You.Base.Her.Off.of.Find.Out.Cum.to.the.Land.of.Dreams.on.the.Light.of.the.Will.o\u0027.the.Wisps!.mkv","Timestamp":"2025-08-24 19:41:21.791","Level":"INFO","Category":"FileOperations"}
{"Message":"Successfully moved file: Interspecies Reviewers.S01E08.The Gang Gets Laid at the Egg-stravagant Egg-Laying Show, Miss Meidri\u0027s Deep, Dark Secret Uncovered, and the Succu-Girl Popularity Ranking is Unveiled!.mkv -\u003e Interspecies.Reviewers.S01E08.The.Gang.Gets.Laid.at.the.Egg-stravagant.Egg-Laying.Show,.Miss.Meidri\u0027s.Deep,.Dark.Secret.Uncovered,.and.the.Succu-Girl.Popularity.Ranking.is.Unveiled!.mkv","Timestamp":"2025-08-24 19:41:21.814","Level":"INFO","Category":"FileOperations"}
{"Message":"Successfully moved file: Interspecies Reviewers.S01E09.Succu-girl Roleplay Will Get You Going All Night, The Angel\u0027s Holy Lance is Great at Lancing Holes, The Succubus Tower Lasts Forever, But You (and Your Mayo) Won\u0027t!.mkv -\u003e Interspecies.Reviewers.S01E09.Succu-girl.Roleplay.Will.Get.You.Going.All.Night,.The.Angel\u0027s.Holy.Lance.is.Great.at.Lancing.Holes,.The.Succubus.Tower.Lasts.Forever,.But.You.(and.Your.Mayo).Won\u0027t!.mkv","Timestamp":"2025-08-24 19:41:21.839","Level":"INFO","Category":"FileOperations"}
{"Message":"Successfully moved file: Interspecies Reviewers.S01E10.A Deep, Dark Something Lies Between the Living and the Dead, The Darling Angel\u0027s Lotion Explosion, and the Uncouth, Unsanctioned Reviewer Rivals Are In Their Scene!.mkv -\u003e Interspecies.Reviewers.S01E10.A.Deep,.Dark.Something.Lies.Between.the.Living.and.the.Dead,.The.Darling.Angel\u0027s.Lotion.Explosion,.and.the.Uncouth,.Unsanctioned.Reviewer.Rivals.Are.In.Their.Scene!.mkv","Timestamp":"2025-08-24 19:41:21.861","Level":"INFO","Category":"FileOperations"}
{"Message":"Successfully moved file: Interspecies Reviewers.S01E11.Let Your Eyes Behold the Glory and Mystery of the Brothel with a Perfect Score! Take a Newlywed of a Horny Tutor or a Little Piggie as Your Lover! They\u0027ll Squeeze, Squeeze, Squeez It Outta Ya!.mkv -\u003e Interspecies.Reviewers.S01E11.Let.Your.Eyes.Behold.the.Glory.and.Mystery.of.the.Brothel.with.a.Perfect.Score!.Take.a.Newlywed.of.a.Horny.Tutor.or.a.Little.Piggie.as.Your.Lover!.They\u0027ll.Squeeze,.Squeeze,.Squeez.It.Outta.Ya!.mkv","Timestamp":"2025-08-24 19:41:21.919","Level":"INFO","Category":"FileOperations"}
{"Message":"Successfully moved file: Interspecies Reviewers.S01E12.The Frighteningly Faultless Philanthropist Sexually Satisfies Several Succubi, Drunken Fools and Their Money Are, Of Course, Soon Parted, and Mitsue\u0027s Room Comes to a Close!.mkv -\u003e Interspecies.Reviewers.S01E12.The.Frighteningly.Faultless.Philanthropist.Sexually.Satisfies.Several.Succubi,.Drunken.Fools.and.Their.Money.Are,.Of.Course,.Soon.Parted,.and.Mitsue\u0027s.Room.Comes.to.a.Close!.mkv","Timestamp":"2025-08-24 19:41:21.944","Level":"INFO","Category":"FileOperations"}
{"Message":"File operations completed - Success: 12, Errors: 0, Folders: 0","Timestamp":"2025-08-24 19:41:21.952","Level":"INFO","Category":"FileOperations"}
{"Message":"All operations completed without errors","Timestamp":"2025-08-24 19:41:21.952","Level":"INFO","Category":"FileOperations"}
{"Message":"Folder already has TVDB ID format: Interspecies Reviewers [tvdb-371662]","Timestamp":"2025-08-24 19:41:21.961","Level":"INFO","Category":"FileOperations"}
{"Message":"Anime organization completed successfully for: Interspecies Reviewers","Timestamp":"2025-08-24 19:41:21.964","Level":"INFO","Category":"Complete"}
{"Message":"User interface header displayed","Timestamp":"2025-08-24 19:41:47.512","Level":"INFO","Category":"UserInterface"}
{"Message":"Operation \u0027TheTVDB Authentication\u0027 completed in 230.1128ms","Timestamp":"2025-08-24 19:41:47.745","Level":"INFO","ExtraData":{"Operation":"TheTVDB Authentication","Success":true,"DurationMs":230.11280000000002},"Category":"Performance"}
{"Message":"User entered Series ID: 286856","Timestamp":"2025-08-24 19:41:59.495","Level":"INFO","Category":"UserInterface"}
{"Message":"Operation \u0027Series Info Retrieval\u0027 completed in 409.6252ms","Timestamp":"2025-08-24 19:41:59.907","Level":"INFO","ExtraData":{"Operation":"Series Info Retrieval","Success":true,"DurationMs":409.6252},"Category":"Performance"}
{"Message":"Displaying series verification for: Maria the Virgin Witch (ID: 286856)","Timestamp":"2025-08-24 19:41:59.912","Level":"INFO","Category":"UserInterface"}
{"Message":"User confirmed series: Maria the Virgin Witch","Timestamp":"2025-08-24 19:42:02.786","Level":"INFO","Category":"UserInterface"}
{"Message":"User selected working directory: Z:\\Media\\NSFW\\Junketsu no Maria [tvdb-286856]","Timestamp":"2025-08-24 19:42:10.636","Level":"INFO","Category":"UserInterface"}
{"Message":"User selected operation type: Rename Only","Timestamp":"2025-08-24 19:42:12.521","Level":"INFO","Category":"UserInterface"}
{"Message":"Found 14 video files in directory: Z:\\Media\\NSFW\\Junketsu no Maria [tvdb-286856]","Timestamp":"2025-08-24 19:42:12.541","Level":"INFO","Category":"FileOperations"}
{"Message":"Operation \u0027Episode Info Retrieval\u0027 completed in 3131.5913ms","Timestamp":"2025-08-24 19:42:15.682","Level":"INFO","ExtraData":{"Operation":"Episode Info Retrieval","Success":true,"DurationMs":3131.5913},"Category":"Performance"}
{"Message":"Displaying preview of 12 file operations","Timestamp":"2025-08-24 19:42:15.786","Level":"INFO","Category":"UserInterface"}
{"Message":"Preview displayed - Operations: 12, Folders: 12","Timestamp":"2025-08-24 19:42:15.811","Level":"INFO","Category":"UserInterface"}
{"Message":"Displaying confirmation dialog","Timestamp":"2025-08-24 19:42:15.820","Level":"INFO","Category":"UserInterface"}
{"Message":"User confirmed to proceed with file operations","Timestamp":"2025-08-24 19:42:24.241","Level":"INFO","Category":"UserInterface"}
{"Message":"Rename log written to: Z:\\Media\\NSFW\\Junketsu no Maria [tvdb-286856]\\rename_log_Maria.the.Virgin.Witch_2025-08-24_19-42-24.txt","Timestamp":"2025-08-24 19:42:24.258","Level":"INFO","Category":"FileOperations"}
{"Message":"Starting file operations for 12 files","Timestamp":"2025-08-24 19:42:24.262","Level":"INFO","Category":"FileOperations"}
{"Message":"Successfully moved file: Junketsu no Maria - S01E01 - Perfect Virgin.mkv -\u003e Maria.the.Virgin.Witch.S01E01.Perfect.Virgin.mkv","Timestamp":"2025-08-24 19:42:24.287","Level":"INFO","Category":"FileOperations"}
{"Message":"Successfully moved file: Junketsu no Maria - S01E02 - Against the World.mkv -\u003e Maria.the.Virgin.Witch.S01E02.Against.the.World.mkv","Timestamp":"2025-08-24 19:42:24.312","Level":"INFO","Category":"FileOperations"}
{"Message":"Successfully moved file: Junketsu no Maria - S01E03 - By Faith, Not Arms.mkv -\u003e Maria.the.Virgin.Witch.S01E03.By.Faith,.Not.Arms.mkv","Timestamp":"2025-08-24 19:42:24.333","Level":"INFO","Category":"FileOperations"}
{"Message":"Successfully moved file: Junketsu no Maria - S01E04 - Remember to Die.mkv -\u003e Maria.the.Virgin.Witch.S01E04.Remember.to.Die.mkv","Timestamp":"2025-08-24 19:42:24.358","Level":"INFO","Category":"FileOperations"}
{"Message":"Successfully moved file: Junketsu no Maria - S01E05 - Courage, Prudence.mkv -\u003e Maria.the.Virgin.Witch.S01E05.Courage,.Prudence.mkv","Timestamp":"2025-08-24 19:42:24.378","Level":"INFO","Category":"FileOperations"}
{"Message":"Successfully moved file: Junketsu no Maria - S01E06 - Under the Rose.mkv -\u003e Maria.the.Virgin.Witch.S01E06.Under.the.Rose.mkv","Timestamp":"2025-08-24 19:42:24.404","Level":"INFO","Category":"FileOperations"}
{"Message":"Successfully moved file: Junketsu no Maria - S01E07 - War Feeds on War.mkv -\u003e Maria.the.Virgin.Witch.S01E07.War.Feeds.on.War.mkv","Timestamp":"2025-08-24 19:42:24.429","Level":"INFO","Category":"FileOperations"}
{"Message":"Successfully moved file: Junketsu no Maria - S01E08 - Man Is a Wolf to Man.mkv -\u003e Maria.the.Virgin.Witch.S01E08.Man.Is.a.Wolf.to.Man.mkv","Timestamp":"2025-08-24 19:42:24.450","Level":"INFO","Category":"FileOperations"}
{"Message":"Successfully moved file: Junketsu no Maria - S01E09 - With a Grain of Salt.mkv -\u003e Maria.the.Virgin.Witch.S01E09.With.a.Grain.of.Salt.mkv","Timestamp":"2025-08-24 19:42:24.475","Level":"INFO","Category":"FileOperations"}
{"Message":"Successfully moved file: Junketsu no Maria - S01E10 - I Hate and I Love.mkv -\u003e Maria.the.Virgin.Witch.S01E10.I.Hate.and.I.Love.mkv","Timestamp":"2025-08-24 19:42:24.496","Level":"INFO","Category":"FileOperations"}
{"Message":"Successfully moved file: Junketsu no Maria - S01E11 - If You Wish to Be Loved, Love.mkv -\u003e Maria.the.Virgin.Witch.S01E11.If.You.Wish.to.Be.Loved,.Love.mkv","Timestamp":"2025-08-24 19:42:24.521","Level":"INFO","Category":"FileOperations"}
{"Message":"Successfully moved file: Junketsu no Maria - S01E12 - Love Conquers All.mkv -\u003e Maria.the.Virgin.Witch.S01E12.Love.Conquers.All.mkv","Timestamp":"2025-08-24 19:42:24.546","Level":"INFO","Category":"FileOperations"}
{"Message":"File operations completed - Success: 12, Errors: 0, Folders: 0","Timestamp":"2025-08-24 19:42:24.550","Level":"INFO","Category":"FileOperations"}
{"Message":"All operations completed without errors","Timestamp":"2025-08-24 19:42:24.553","Level":"INFO","Category":"FileOperations"}
{"Message":"Folder already has TVDB ID format: Junketsu no Maria [tvdb-286856]","Timestamp":"2025-08-24 19:42:24.558","Level":"INFO","Category":"FileOperations"}
{"Message":"Anime organization completed successfully for: Maria the Virgin Witch","Timestamp":"2025-08-24 19:42:24.558","Level":"INFO","Category":"Complete"}
{"Message":"User interface header displayed","Timestamp":"2025-08-24 19:43:07.155","Level":"INFO","Category":"UserInterface"}
{"Message":"Operation \u0027TheTVDB Authentication\u0027 completed in 231.0335ms","Timestamp":"2025-08-24 19:43:07.385","Level":"INFO","ExtraData":{"Operation":"TheTVDB Authentication","Success":true,"DurationMs":231.0335},"Category":"Performance"}
{"Message":"User entered Series ID: 452826","Timestamp":"2025-08-24 19:43:09.604","Level":"INFO","Category":"UserInterface"}
{"Message":"Operation \u0027Series Info Retrieval\u0027 completed in 413.2029ms","Timestamp":"2025-08-24 19:43:10.021","Level":"INFO","ExtraData":{"Operation":"Series Info Retrieval","Success":true,"DurationMs":413.2029},"Category":"Performance"}
{"Message":"Displaying series verification for: Please Put Them On, Takamine-san (ID: 452826)","Timestamp":"2025-08-24 19:43:10.026","Level":"INFO","Category":"UserInterface"}
{"Message":"User confirmed series: Please Put Them On, Takamine-san","Timestamp":"2025-08-24 19:43:16.692","Level":"INFO","Category":"UserInterface"}
{"Message":"User selected working directory: Z:\\Media\\NSFW\\Haite Kudasai, Takamine-san [tvdb-452826]","Timestamp":"2025-08-24 19:43:19.206","Level":"INFO","Category":"UserInterface"}
{"Message":"User selected operation type: Rename Only","Timestamp":"2025-08-24 19:43:20.443","Level":"INFO","Category":"UserInterface"}
{"Message":"Found 14 video files in directory: Z:\\Media\\NSFW\\Haite Kudasai, Takamine-san [tvdb-452826]","Timestamp":"2025-08-24 19:43:20.457","Level":"INFO","Category":"FileOperations"}
{"Message":"Operation \u0027Episode Info Retrieval\u0027 completed in 2804.5083ms","Timestamp":"2025-08-24 19:43:23.273","Level":"INFO","ExtraData":{"Operation":"Episode Info Retrieval","Success":true,"DurationMs":2804.5083},"Category":"Performance"}
{"Message":"Displaying preview of 14 file operations","Timestamp":"2025-08-24 19:43:23.389","Level":"INFO","Category":"UserInterface"}
{"Message":"Preview displayed - Operations: 14, Folders: 14","Timestamp":"2025-08-24 19:43:23.422","Level":"INFO","Category":"UserInterface"}
{"Message":"Displaying confirmation dialog","Timestamp":"2025-08-24 19:43:23.427","Level":"INFO","Category":"UserInterface"}
{"Message":"User confirmed to proceed with file operations","Timestamp":"2025-08-24 19:43:24.676","Level":"INFO","Category":"UserInterface"}
{"Message":"Rename log written to: Z:\\Media\\NSFW\\Haite Kudasai, Takamine-san [tvdb-452826]\\rename_log_Please.Put.Them.On,.Takamine-san_2025-08-24_19-43-24.txt","Timestamp":"2025-08-24 19:43:24.690","Level":"INFO","Category":"FileOperations"}
{"Message":"Starting file operations for 14 files","Timestamp":"2025-08-24 19:43:24.695","Level":"INFO","Category":"FileOperations"}
{"Message":"Successfully moved file: Haite Kudasai, Takamine-san - S01E01 - Become My Closet.mkv -\u003e Please.Put.Them.On,.Takamine-san.S01E01.Become.My.Closet.mkv","Timestamp":"2025-08-24 19:43:24.718","Level":"INFO","Category":"FileOperations"}
{"Message":"Successfully moved file: Haite Kudasai, Takamine-san - S01E02 - Let Me Redo It Until I\u0027m Satisfied..mkv -\u003e Please.Put.Them.On,.Takamine-san.S01E02.Let.Me.Redo.It.Until.I\u0027m.Satisfied.mkv","Timestamp":"2025-08-24 19:43:24.736","Level":"INFO","Category":"FileOperations"}
{"Message":"Successfully moved file: Haite Kudasai, Takamine-san - S01E03 - I Want You to Enjoy the Very Best.mkv -\u003e Please.Put.Them.On,.Takamine-san.S01E03.I.Want.You.to.Enjoy.the.Very.Best.mkv","Timestamp":"2025-08-24 19:43:24.761","Level":"INFO","Category":"FileOperations"}
{"Message":"Successfully moved file: Haite Kudasai, Takamine-san - S01E04 - Don\u0027t Be Dense, Be Sharp..mkv -\u003e Please.Put.Them.On,.Takamine-san.S01E04.Don\u0027t.Be.Dense,.Be.Sharp.mkv","Timestamp":"2025-08-24 19:43:24.786","Level":"INFO","Category":"FileOperations"}
{"Message":"Successfully moved file: Haite Kudasai, Takamine-san - S01E05 - I Want You to Make This Cat Purr, Meow.mkv -\u003e Please.Put.Them.On,.Takamine-san.S01E05.I.Want.You.to.Make.This.Cat.Purr,.Meow.mkv","Timestamp":"2025-08-24 19:43:24.807","Level":"INFO","Category":"FileOperations"}
{"Message":"Successfully moved file: Haite Kudasai, Takamine-san - S01E06 - Honey, Let Me Wash Your Back..mkv -\u003e Please.Put.Them.On,.Takamine-san.S01E06.Honey,.Let.Me.Wash.Your.Back.mkv","Timestamp":"2025-08-24 19:43:24.832","Level":"INFO","Category":"FileOperations"}
{"Message":"Successfully moved file: Haite Kudasai, Takamine-san - S01E07 - Even That Which Isn\u0027t Visible From There.mkv -\u003e Please.Put.Them.On,.Takamine-san.S01E07.Even.That.Which.Isn\u0027t.Visible.From.There.mkv","Timestamp":"2025-08-24 19:43:24.853","Level":"INFO","Category":"FileOperations"}
{"Message":"Successfully moved file: Haite Kudasai, Takamine-san - S01E08 - You Two Seem Quite Intimate.mkv -\u003e Please.Put.Them.On,.Takamine-san.S01E08.You.Two.Seem.Quite.Intimate.mkv","Timestamp":"2025-08-24 19:43:24.874","Level":"INFO","Category":"FileOperations"}
{"Message":"Successfully moved file: Haite Kudasai, Takamine-san - S01E09 - Let Me Do It!!.mkv -\u003e Please.Put.Them.On,.Takamine-san.S01E09.Let.Me.Do.It!!.mkv","Timestamp":"2025-08-24 19:43:24.899","Level":"INFO","Category":"FileOperations"}
{"Message":"Successfully moved file: Haite Kudasai, Takamine-san - S01E10 - It Rains, and Shirota Freezes Up.mkv -\u003e Please.Put.Them.On,.Takamine-san.S01E10.It.Rains,.and.Shirota.Freezes.Up.mkv","Timestamp":"2025-08-24 19:43:24.920","Level":"INFO","Category":"FileOperations"}
{"Message":"Successfully moved file: Haite Kudasai, Takamine-san - S01E11 - I\u0027ll Let You Do a Dry Run.mkv -\u003e Please.Put.Them.On,.Takamine-san.S01E11.I\u0027ll.Let.You.Do.a.Dry.Run.mkv","Timestamp":"2025-08-24 19:43:24.948","Level":"INFO","Category":"FileOperations"}
{"Message":"Successfully moved file: Haite Kudasai, Takamine-san - S01E12 - Only Look At Me.mkv -\u003e Please.Put.Them.On,.Takamine-san.S01E12.Only.Look.At.Me.mkv","Timestamp":"2025-08-24 19:43:24.991","Level":"INFO","Category":"FileOperations"}
{"Message":"File operations completed - Success: 12, Errors: 0, Folders: 0","Timestamp":"2025-08-24 19:43:25.000","Level":"INFO","Category":"FileOperations"}
{"Message":"All operations completed without errors","Timestamp":"2025-08-24 19:43:25.002","Level":"INFO","Category":"FileOperations"}
{"Message":"Folder already has TVDB ID format: Haite Kudasai, Takamine-san [tvdb-452826]","Timestamp":"2025-08-24 19:43:25.003","Level":"INFO","Category":"FileOperations"}
{"Message":"Anime organization completed successfully for: Please Put Them On, Takamine-san","Timestamp":"2025-08-24 19:43:25.003","Level":"INFO","Category":"Complete"}
