{"Message":"Logging module loaded successfully","Timestamp":"2025-08-24 21:57:26.601","Level":"INFO","Category":"ModuleLoad"}
{"Message":"TheTVDB module loaded successfully","Timestamp":"2025-08-24 21:57:26.701","Level":"INFO","Category":"ModuleLoad"}
{"Message":"FileParser module loaded successfully","Timestamp":"2025-08-24 21:57:26.739","Level":"INFO","Category":"ModuleLoad"}
{"Message":"ErrorHandling module loaded successfully","Timestamp":"2025-08-24 21:57:26.808","Level":"INFO","Category":"ModuleLoad"}
{"Message":"FileOperations module loaded successfully","Timestamp":"2025-08-24 21:57:26.825","Level":"INFO","Category":"ModuleLoad"}
{"Message":"UserInterface module loaded successfully","Timestamp":"2025-08-24 21:57:26.851","Level":"INFO","Category":"ModuleLoad"}
{"Message":"User interface header displayed","Timestamp":"2025-08-24 21:57:26.897","Level":"INFO","Category":"UserInterface"}
{"Message":"Operation \u0027TheTVDB Authentication\u0027 completed in 328.6155ms","Timestamp":"2025-08-24 21:57:27.234","Level":"INFO","ExtraData":{"Operation":"TheTVDB Authentication","Success":true,"DurationMs":328.6155},"Category":"Performance"}
{"Message":"User entered Series ID: 452826","Timestamp":"2025-08-24 21:57:32.865","Level":"INFO","Category":"UserInterface"}
{"Message":"Operation \u0027Series Info Retrieval\u0027 completed in 411.7847ms","Timestamp":"2025-08-24 21:57:33.303","Level":"INFO","ExtraData":{"Operation":"Series Info Retrieval","Success":true,"DurationMs":411.78470000000004},"Category":"Performance"}
{"Message":"Displaying series verification for: Please Put Them On, Takamine-san (ID: 452826)","Timestamp":"2025-08-24 21:57:33.310","Level":"INFO","Category":"UserInterface"}
{"Message":"User confirmed series: Please Put Them On, Takamine-san","Timestamp":"2025-08-24 21:57:36.150","Level":"INFO","Category":"UserInterface"}
{"Message":"User selected working directory: Z:\\Media\\NSFW\\Haite Kudasai, Takamine-san [tvdb-452826]","Timestamp":"2025-08-24 21:57:42.047","Level":"INFO","Category":"UserInterface"}
{"Message":"User selected operation type: Rename Only","Timestamp":"2025-08-24 21:57:45.003","Level":"INFO","Category":"UserInterface"}
{"Message":"Found 14 video files in directory: Z:\\Media\\NSFW\\Haite Kudasai, Takamine-san [tvdb-452826]","Timestamp":"2025-08-24 21:57:45.056","Level":"INFO","Category":"FileOperations"}
{"Message":"Operation \u0027Episode Info Retrieval\u0027 completed in 2836.0948ms","Timestamp":"2025-08-24 21:57:47.905","Level":"INFO","ExtraData":{"Operation":"Episode Info Retrieval","Success":true,"DurationMs":2836.0948000000003},"Category":"Performance"}
{"Message":"Displaying preview of 14 file operations","Timestamp":"2025-08-24 21:57:48.077","Level":"INFO","Category":"UserInterface"}
{"Message":"Preview displayed - Operations: 14, Folders: 14","Timestamp":"2025-08-24 21:57:48.118","Level":"INFO","Category":"UserInterface"}
{"Message":"Displaying confirmation dialog","Timestamp":"2025-08-24 21:57:48.131","Level":"INFO","Category":"UserInterface"}
{"Message":"User confirmed to proceed with file operations","Timestamp":"2025-08-24 21:58:04.985","Level":"INFO","Category":"UserInterface"}
{"Message":"Rename log written to: Z:\\Media\\NSFW\\Haite Kudasai, Takamine-san [tvdb-452826]\\rename_log_Please.Put.Them.On.Takamine-san_2025-08-24_21-58-04.txt","Timestamp":"2025-08-24 21:58:05.014","Level":"INFO","Category":"FileOperations"}
{"Message":"Starting file operations for 14 files","Timestamp":"2025-08-24 21:58:05.023","Level":"INFO","Category":"FileOperations"}
{"Message":"Successfully moved file: Haite Kudasai, Takamine-san - S01E11 v2 - I\u0027ll Let You Do a Dry Run.mkv -\u003e Please.Put.Them.On.Takamine-san.S01E11.I\u0027ll.Let.You.Do.a.Dry.Run.mkv","Timestamp":"2025-08-24 21:58:05.071","Level":"INFO","Category":"FileOperations"}
{"Message":"Successfully moved file: Please.Put.Them.On,.Takamine-san.S01E01.Become.My.Closet.mkv -\u003e Please.Put.Them.On.Takamine-san.S01E01.Become.My.Closet.mkv","Timestamp":"2025-08-24 21:58:05.095","Level":"INFO","Category":"FileOperations"}
{"Message":"Successfully moved file: Please.Put.Them.On,.Takamine-san.S01E02.Let.Me.Redo.It.Until.I\u0027m.Satisfied.mkv -\u003e Please.Put.Them.On.Takamine-san.S01E02.Let.Me.Redo.It.Until.I\u0027m.Satisfied.mkv","Timestamp":"2025-08-24 21:58:05.118","Level":"INFO","Category":"FileOperations"}
{"Message":"Successfully moved file: Please.Put.Them.On,.Takamine-san.S01E03.I.Want.You.to.Enjoy.the.Very.Best.mkv -\u003e Please.Put.Them.On.Takamine-san.S01E03.I.Want.You.to.Enjoy.the.Very.Best.mkv","Timestamp":"2025-08-24 21:58:05.141","Level":"INFO","Category":"FileOperations"}
{"Message":"Successfully moved file: Please.Put.Them.On,.Takamine-san.S01E04.Don\u0027t.Be.Dense,.Be.Sharp.mkv -\u003e Please.Put.Them.On.Takamine-san.S01E04.Don\u0027t.Be.Dense.Be.Sharp.mkv","Timestamp":"2025-08-24 21:58:05.165","Level":"INFO","Category":"FileOperations"}
{"Message":"Successfully moved file: Please.Put.Them.On,.Takamine-san.S01E05.I.Want.You.to.Make.This.Cat.Purr,.Meow.mkv -\u003e Please.Put.Them.On.Takamine-san.S01E05.I.Want.You.to.Make.This.Cat.Purr.Meow.mkv","Timestamp":"2025-08-24 21:58:05.187","Level":"INFO","Category":"FileOperations"}
{"Message":"Successfully moved file: Please.Put.Them.On,.Takamine-san.S01E06.Honey,.Let.Me.Wash.Your.Back.mkv -\u003e Please.Put.Them.On.Takamine-san.S01E06.Honey.Let.Me.Wash.Your.Back.mkv","Timestamp":"2025-08-24 21:58:05.211","Level":"INFO","Category":"FileOperations"}
{"Message":"Successfully moved file: Please.Put.Them.On,.Takamine-san.S01E07.Even.That.Which.Isn\u0027t.Visible.From.There.mkv -\u003e Please.Put.Them.On.Takamine-san.S01E07.Even.That.Which.Isn\u0027t.Visible.From.There.mkv","Timestamp":"2025-08-24 21:58:05.233","Level":"INFO","Category":"FileOperations"}
{"Message":"Successfully moved file: Please.Put.Them.On,.Takamine-san.S01E08.You.Two.Seem.Quite.Intimate.mkv -\u003e Please.Put.Them.On.Takamine-san.S01E08.You.Two.Seem.Quite.Intimate.mkv","Timestamp":"2025-08-24 21:58:05.258","Level":"INFO","Category":"FileOperations"}
{"Message":"Successfully moved file: Please.Put.Them.On,.Takamine-san.S01E09.Let.Me.Do.It!!.mkv -\u003e Please.Put.Them.On.Takamine-san.S01E09.Let.Me.Do.It!!.mkv","Timestamp":"2025-08-24 21:58:05.282","Level":"INFO","Category":"FileOperations"}
{"Message":"Successfully moved file: Please.Put.Them.On,.Takamine-san.S01E10.It.Rains,.and.Shirota.Freezes.Up.mkv -\u003e Please.Put.Them.On.Takamine-san.S01E10.It.Rains.and.Shirota.Freezes.Up.mkv","Timestamp":"2025-08-24 21:58:05.311","Level":"INFO","Category":"FileOperations"}
{"Message":"Successfully moved file: Please.Put.Them.On,.Takamine-san.S01E11.v2.I\u0027ll.Let.You.Do.a.Dry.Run.mkv -\u003e Please.Put.Them.On.Takamine-san.S01E11.v2.I\u0027ll.Let.You.Do.a.Dry.Run.mkv","Timestamp":"2025-08-24 21:58:05.335","Level":"INFO","Category":"FileOperations"}
{"Message":"Successfully moved file: Please.Put.Them.On,.Takamine-san.S01E11.v3.I\u0027ll.Let.You.Do.a.Dry.Run.mkv -\u003e Please.Put.Them.On.Takamine-san.S01E11.v3.I\u0027ll.Let.You.Do.a.Dry.Run.mkv","Timestamp":"2025-08-24 21:58:05.357","Level":"INFO","Category":"FileOperations"}
{"Message":"Successfully moved file: Please.Put.Them.On,.Takamine-san.S01E12.Only.Look.At.Me.mkv -\u003e Please.Put.Them.On.Takamine-san.S01E12.Only.Look.At.Me.mkv","Timestamp":"2025-08-24 21:58:05.384","Level":"INFO","Category":"FileOperations"}
{"Message":"File operations completed - Success: 14, Errors: 0, Folders: 0","Timestamp":"2025-08-24 21:58:05.390","Level":"INFO","Category":"FileOperations"}
{"Message":"All operations completed without errors","Timestamp":"2025-08-24 21:58:05.391","Level":"INFO","Category":"FileOperations"}
{"Message":"Folder already has TVDB ID format: Haite Kudasai, Takamine-san [tvdb-452826]","Timestamp":"2025-08-24 21:58:05.399","Level":"INFO","Category":"FileOperations"}
{"Message":"Anime organization completed successfully for: Please Put Them On, Takamine-san","Timestamp":"2025-08-24 21:58:05.399","Level":"INFO","Category":"Complete"}
{"Message":"User interface header displayed","Timestamp":"2025-08-24 21:58:16.289","Level":"INFO","Category":"UserInterface"}
{"Message":"Operation \u0027TheTVDB Authentication\u0027 completed in 204.8636ms","Timestamp":"2025-08-24 21:58:16.498","Level":"INFO","ExtraData":{"Operation":"TheTVDB Authentication","Success":true,"DurationMs":204.86360000000002},"Category":"Performance"}
{"Message":"User entered Series ID: 452826","Timestamp":"2025-08-24 21:58:21.110","Level":"INFO","Category":"UserInterface"}
{"Message":"Operation \u0027Series Info Retrieval\u0027 completed in 6.4432ms","Timestamp":"2025-08-24 21:58:21.118","Level":"INFO","ExtraData":{"Operation":"Series Info Retrieval","Success":true,"DurationMs":6.4432},"Category":"Performance"}
{"Message":"Displaying series verification for: Please Put Them On, Takamine-san (ID: 452826)","Timestamp":"2025-08-24 21:58:21.127","Level":"INFO","Category":"UserInterface"}
{"Message":"User confirmed series: Please Put Them On, Takamine-san","Timestamp":"2025-08-24 21:58:23.755","Level":"INFO","Category":"UserInterface"}
{"Message":"User selected working directory: Z:\\Media\\NSFW\\Haite Kudasai, Takamine-san [tvdb-452826]","Timestamp":"2025-08-24 21:58:27.125","Level":"INFO","Category":"UserInterface"}
{"Message":"User selected operation type: Rename Only","Timestamp":"2025-08-24 21:58:29.156","Level":"INFO","Category":"UserInterface"}
{"Message":"Found 14 video files in directory: Z:\\Media\\NSFW\\Haite Kudasai, Takamine-san [tvdb-452826]","Timestamp":"2025-08-24 21:58:29.173","Level":"INFO","Category":"FileOperations"}
{"Message":"Operation \u0027Episode Info Retrieval\u0027 completed in 1.3109ms","Timestamp":"2025-08-24 21:58:29.185","Level":"INFO","ExtraData":{"Operation":"Episode Info Retrieval","Success":true,"DurationMs":1.3109},"Category":"Performance"}
{"Message":"Displaying preview of 14 file operations","Timestamp":"2025-08-24 21:58:29.305","Level":"INFO","Category":"UserInterface"}
{"Message":"Preview displayed - Operations: 14, Folders: 14","Timestamp":"2025-08-24 21:58:29.335","Level":"INFO","Category":"UserInterface"}
{"Message":"Displaying confirmation dialog","Timestamp":"2025-08-24 21:58:29.344","Level":"INFO","Category":"UserInterface"}
{"Message":"User confirmed to proceed with file operations","Timestamp":"2025-08-24 21:58:36.142","Level":"INFO","Category":"UserInterface"}
{"Message":"Rename log written to: Z:\\Media\\NSFW\\Haite Kudasai, Takamine-san [tvdb-452826]\\rename_log_Please.Put.Them.On.Takamine-san_2025-08-24_21-58-36.txt","Timestamp":"2025-08-24 21:58:36.155","Level":"INFO","Category":"FileOperations"}
{"Message":"Starting file operations for 14 files","Timestamp":"2025-08-24 21:58:36.163","Level":"INFO","Category":"FileOperations"}
{"Message":"Successfully moved file: Please.Put.Them.On.Takamine-san.S01E01.Become.My.Closet.mkv -\u003e Please.Put.Them.On.Takamine-san.S01E01.Become.My.Closet.mkv","Timestamp":"2025-08-24 21:58:36.208","Level":"INFO","Category":"FileOperations"}
{"Message":"Successfully moved file: Please.Put.Them.On.Takamine-san.S01E02.Let.Me.Redo.It.Until.I\u0027m.Satisfied.mkv -\u003e Please.Put.Them.On.Takamine-san.S01E02.Let.Me.Redo.It.Until.I\u0027m.Satisfied.mkv","Timestamp":"2025-08-24 21:58:36.255","Level":"INFO","Category":"FileOperations"}
{"Message":"Successfully moved file: Please.Put.Them.On.Takamine-san.S01E03.I.Want.You.to.Enjoy.the.Very.Best.mkv -\u003e Please.Put.Them.On.Takamine-san.S01E03.I.Want.You.to.Enjoy.the.Very.Best.mkv","Timestamp":"2025-08-24 21:58:36.301","Level":"INFO","Category":"FileOperations"}
{"Message":"Successfully moved file: Please.Put.Them.On.Takamine-san.S01E04.Don\u0027t.Be.Dense.Be.Sharp.mkv -\u003e Please.Put.Them.On.Takamine-san.S01E04.Don\u0027t.Be.Dense.Be.Sharp.mkv","Timestamp":"2025-08-24 21:58:36.350","Level":"INFO","Category":"FileOperations"}
{"Message":"Successfully moved file: Please.Put.Them.On.Takamine-san.S01E05.I.Want.You.to.Make.This.Cat.Purr.Meow.mkv -\u003e Please.Put.Them.On.Takamine-san.S01E05.I.Want.You.to.Make.This.Cat.Purr.Meow.mkv","Timestamp":"2025-08-24 21:58:36.393","Level":"INFO","Category":"FileOperations"}
{"Message":"Successfully moved file: Please.Put.Them.On.Takamine-san.S01E06.Honey.Let.Me.Wash.Your.Back.mkv -\u003e Please.Put.Them.On.Takamine-san.S01E06.Honey.Let.Me.Wash.Your.Back.mkv","Timestamp":"2025-08-24 21:58:36.439","Level":"INFO","Category":"FileOperations"}
{"Message":"Successfully moved file: Please.Put.Them.On.Takamine-san.S01E07.Even.That.Which.Isn\u0027t.Visible.From.There.mkv -\u003e Please.Put.Them.On.Takamine-san.S01E07.Even.That.Which.Isn\u0027t.Visible.From.There.mkv","Timestamp":"2025-08-24 21:58:36.484","Level":"INFO","Category":"FileOperations"}
{"Message":"Successfully moved file: Please.Put.Them.On.Takamine-san.S01E08.You.Two.Seem.Quite.Intimate.mkv -\u003e Please.Put.Them.On.Takamine-san.S01E08.You.Two.Seem.Quite.Intimate.mkv","Timestamp":"2025-08-24 21:58:36.530","Level":"INFO","Category":"FileOperations"}
{"Message":"Successfully moved file: Please.Put.Them.On.Takamine-san.S01E09.Let.Me.Do.It!!.mkv -\u003e Please.Put.Them.On.Takamine-san.S01E09.Let.Me.Do.It!!.mkv","Timestamp":"2025-08-24 21:58:36.574","Level":"INFO","Category":"FileOperations"}
{"Message":"Successfully moved file: Please.Put.Them.On.Takamine-san.S01E10.It.Rains.and.Shirota.Freezes.Up.mkv -\u003e Please.Put.Them.On.Takamine-san.S01E10.It.Rains.and.Shirota.Freezes.Up.mkv","Timestamp":"2025-08-24 21:58:36.618","Level":"INFO","Category":"FileOperations"}
{"Message":"Operation \u0027Move File: Please.Put.Them.On.Takamine-san.S01E11.I\u0027ll.Let.You.Do.a.Dry.Run.mkv\u0027 failed on attempt 1: Cannot create a file when that file already exists.\r\n","Timestamp":"2025-08-24 21:58:36.669","Level":"ERROR","Category":"ErrorHandling"}
{"Message":"Retry attempt 2 of 3 for operation: Move File: Please.Put.Them.On.Takamine-san.S01E11.I\u0027ll.Let.You.Do.a.Dry.Run.mkv","Timestamp":"2025-08-24 21:58:36.673","Level":"INFO","Category":"ErrorHandling"}
{"Message":"Operation \u0027Move File: Please.Put.Them.On.Takamine-san.S01E11.I\u0027ll.Let.You.Do.a.Dry.Run.mkv\u0027 failed on attempt 2: Cannot create a file when that file already exists.\r\n","Timestamp":"2025-08-24 21:58:37.704","Level":"ERROR","Category":"ErrorHandling"}
{"Message":"Retry attempt 3 of 3 for operation: Move File: Please.Put.Them.On.Takamine-san.S01E11.I\u0027ll.Let.You.Do.a.Dry.Run.mkv","Timestamp":"2025-08-24 21:58:37.706","Level":"INFO","Category":"ErrorHandling"}
{"Message":"Operation \u0027Move File: Please.Put.Them.On.Takamine-san.S01E11.I\u0027ll.Let.You.Do.a.Dry.Run.mkv\u0027 failed on attempt 3: Cannot create a file when that file already exists.\r\n","Timestamp":"2025-08-24 21:58:38.728","Level":"ERROR","Category":"ErrorHandling"}
{"Message":"Maximum retry attempts (3) exceeded for operation: Move File: Please.Put.Them.On.Takamine-san.S01E11.I\u0027ll.Let.You.Do.a.Dry.Run.mkv","Timestamp":"2025-08-24 21:58:38.728","Level":"ERROR","Category":"ErrorHandling"}
{"Message":"Move operation failed: Cannot create a file when that file already exists.\r\n","Timestamp":"2025-08-24 21:58:38.736","Level":"ERROR","Category":"FileOperations"}
{"Message":"Successfully moved file: Please.Put.Them.On.Takamine-san.S01E11.v2.I\u0027ll.Let.You.Do.a.Dry.Run.mkv -\u003e Please.Put.Them.On.Takamine-san.S01E11.v2.I\u0027ll.Let.You.Do.a.Dry.Run.mkv","Timestamp":"2025-08-24 21:58:38.778","Level":"INFO","Category":"FileOperations"}
{"Message":"Successfully moved file: Please.Put.Them.On.Takamine-san.S01E11.v3.I\u0027ll.Let.You.Do.a.Dry.Run.mkv -\u003e Please.Put.Them.On.Takamine-san.S01E11.v3.I\u0027ll.Let.You.Do.a.Dry.Run.mkv","Timestamp":"2025-08-24 21:58:38.820","Level":"INFO","Category":"FileOperations"}
{"Message":"Successfully moved file: Please.Put.Them.On.Takamine-san.S01E12.Only.Look.At.Me.mkv -\u003e Please.Put.Them.On.Takamine-san.S01E12.Only.Look.At.Me.mkv","Timestamp":"2025-08-24 21:58:38.868","Level":"INFO","Category":"FileOperations"}
{"Message":"File operations completed - Success: 13, Errors: 1, Folders: 0","Timestamp":"2025-08-24 21:58:38.874","Level":"INFO","Category":"FileOperations"}
{"Message":"1 operations failed","Timestamp":"2025-08-24 21:58:38.874","Level":"ERROR","Category":"FileOperations"}
{"Message":"User interface header displayed","Timestamp":"2025-08-24 22:05:56.884","Level":"INFO","Category":"UserInterface"}
{"Message":"Operation \u0027TheTVDB Authentication\u0027 completed in 235.7352ms","Timestamp":"2025-08-24 22:05:57.123","Level":"INFO","ExtraData":{"Operation":"TheTVDB Authentication","Success":true,"DurationMs":235.73520000000002},"Category":"Performance"}
{"Message":"User entered Series ID: 452826","Timestamp":"2025-08-24 22:06:03.144","Level":"INFO","Category":"UserInterface"}
{"Message":"Operation \u0027Series Info Retrieval\u0027 completed in 1.3557ms","Timestamp":"2025-08-24 22:06:03.148","Level":"INFO","ExtraData":{"Operation":"Series Info Retrieval","Success":true,"DurationMs":1.3557000000000001},"Category":"Performance"}
{"Message":"Displaying series verification for: Please Put Them On, Takamine-san (ID: 452826)","Timestamp":"2025-08-24 22:06:03.153","Level":"INFO","Category":"UserInterface"}
{"Message":"User confirmed series: Please Put Them On, Takamine-san","Timestamp":"2025-08-24 22:06:06.799","Level":"INFO","Category":"UserInterface"}
{"Message":"User selected working directory: Z:\\Media\\NSFW\\Haite Kudasai, Takamine-san [tvdb-452826]","Timestamp":"2025-08-24 22:06:07.955","Level":"INFO","Category":"UserInterface"}
{"Message":"User selected operation type: Rename Only","Timestamp":"2025-08-24 22:06:09.931","Level":"INFO","Category":"UserInterface"}
{"Message":"Found 14 video files in directory: Z:\\Media\\NSFW\\Haite Kudasai, Takamine-san [tvdb-452826]","Timestamp":"2025-08-24 22:06:09.948","Level":"INFO","Category":"FileOperations"}
{"Message":"Operation \u0027Episode Info Retrieval\u0027 completed in 4.2767ms","Timestamp":"2025-08-24 22:06:09.960","Level":"INFO","ExtraData":{"Operation":"Episode Info Retrieval","Success":true,"DurationMs":4.2767},"Category":"Performance"}
{"Message":"Displaying preview of 14 file operations","Timestamp":"2025-08-24 22:06:10.072","Level":"INFO","Category":"UserInterface"}
{"Message":"Preview displayed - Operations: 14, Folders: 14","Timestamp":"2025-08-24 22:06:10.107","Level":"INFO","Category":"UserInterface"}
{"Message":"Displaying confirmation dialog","Timestamp":"2025-08-24 22:06:10.114","Level":"INFO","Category":"UserInterface"}
{"Message":"User confirmed to proceed with file operations","Timestamp":"2025-08-24 22:06:11.387","Level":"INFO","Category":"UserInterface"}
{"Message":"Rename log written to: Z:\\Media\\NSFW\\Haite Kudasai, Takamine-san [tvdb-452826]\\rename_log_Please.Put.Them.On.Takamine-san_2025-08-24_22-06-11.txt","Timestamp":"2025-08-24 22:06:11.404","Level":"INFO","Category":"FileOperations"}
{"Message":"Starting file operations for 14 files","Timestamp":"2025-08-24 22:06:11.408","Level":"INFO","Category":"FileOperations"}
{"Message":"Successfully moved file: Please.Put.Them.On.Takamine-san.S01E01.v2.Become.My.Closet.mkv -\u003e Please.Put.Them.On.Takamine-san.S01E01.Become.My.Closet.mkv","Timestamp":"2025-08-24 22:06:11.437","Level":"INFO","Category":"FileOperations"}
{"Message":"Successfully moved file: Please.Put.Them.On.Takamine-san.S01E02.v2.Let.Me.Redo.It.Until.I\u0027m.Satisfied.mkv -\u003e Please.Put.Them.On.Takamine-san.S01E02.Let.Me.Redo.It.Until.I\u0027m.Satisfied.mkv","Timestamp":"2025-08-24 22:06:11.461","Level":"INFO","Category":"FileOperations"}
{"Message":"Successfully moved file: Please.Put.Them.On.Takamine-san.S01E03.v2.I.Want.You.to.Enjoy.the.Very.Best.mkv -\u003e Please.Put.Them.On.Takamine-san.S01E03.I.Want.You.to.Enjoy.the.Very.Best.mkv","Timestamp":"2025-08-24 22:06:11.482","Level":"INFO","Category":"FileOperations"}
{"Message":"Successfully moved file: Please.Put.Them.On.Takamine-san.S01E04.v2.Don\u0027t.Be.Dense.Be.Sharp.mkv -\u003e Please.Put.Them.On.Takamine-san.S01E04.Don\u0027t.Be.Dense.Be.Sharp.mkv","Timestamp":"2025-08-24 22:06:11.507","Level":"INFO","Category":"FileOperations"}
{"Message":"Successfully moved file: Please.Put.Them.On.Takamine-san.S01E05.v2.I.Want.You.to.Make.This.Cat.Purr.Meow.mkv -\u003e Please.Put.Them.On.Takamine-san.S01E05.I.Want.You.to.Make.This.Cat.Purr.Meow.mkv","Timestamp":"2025-08-24 22:06:11.532","Level":"INFO","Category":"FileOperations"}
{"Message":"Successfully moved file: Please.Put.Them.On.Takamine-san.S01E06.v2.Honey.Let.Me.Wash.Your.Back.mkv -\u003e Please.Put.Them.On.Takamine-san.S01E06.Honey.Let.Me.Wash.Your.Back.mkv","Timestamp":"2025-08-24 22:06:11.557","Level":"INFO","Category":"FileOperations"}
{"Message":"Successfully moved file: Please.Put.Them.On.Takamine-san.S01E07.v2.Even.That.Which.Isn\u0027t.Visible.From.There.mkv -\u003e Please.Put.Them.On.Takamine-san.S01E07.Even.That.Which.Isn\u0027t.Visible.From.There.mkv","Timestamp":"2025-08-24 22:06:11.583","Level":"INFO","Category":"FileOperations"}
{"Message":"Successfully moved file: Please.Put.Them.On.Takamine-san.S01E08.v2.You.Two.Seem.Quite.Intimate.mkv -\u003e Please.Put.Them.On.Takamine-san.S01E08.You.Two.Seem.Quite.Intimate.mkv","Timestamp":"2025-08-24 22:06:11.607","Level":"INFO","Category":"FileOperations"}
{"Message":"Successfully moved file: Please.Put.Them.On.Takamine-san.S01E09.v2.Let.Me.Do.It!!.mkv -\u003e Please.Put.Them.On.Takamine-san.S01E09.Let.Me.Do.It!!.mkv","Timestamp":"2025-08-24 22:06:11.633","Level":"INFO","Category":"FileOperations"}
{"Message":"Successfully moved file: Please.Put.Them.On.Takamine-san.S01E10.v2.It.Rains.and.Shirota.Freezes.Up.mkv -\u003e Please.Put.Them.On.Takamine-san.S01E10.It.Rains.and.Shirota.Freezes.Up.mkv","Timestamp":"2025-08-24 22:06:11.654","Level":"INFO","Category":"FileOperations"}
{"Message":"Successfully moved file: Please.Put.Them.On.Takamine-san.S01E11.I\u0027ll.Let.You.Do.a.Dry.Run.mkv -\u003e Please.Put.Them.On.Takamine-san.S01E11.I\u0027ll.Let.You.Do.a.Dry.Run.mkv","Timestamp":"2025-08-24 22:06:11.702","Level":"INFO","Category":"FileOperations"}
{"Message":"Successfully moved file: Please.Put.Them.On.Takamine-san.S01E11.v2.v2.I\u0027ll.Let.You.Do.a.Dry.Run.mkv -\u003e Please.Put.Them.On.Takamine-san.S01E11.v2.I\u0027ll.Let.You.Do.a.Dry.Run.mkv","Timestamp":"2025-08-24 22:06:11.746","Level":"INFO","Category":"FileOperations"}
{"Message":"Successfully moved file: Please.Put.Them.On.Takamine-san.S01E11.v2.v3.I\u0027ll.Let.You.Do.a.Dry.Run.mkv -\u003e Please.Put.Them.On.Takamine-san.S01E11.v3.I\u0027ll.Let.You.Do.a.Dry.Run.mkv","Timestamp":"2025-08-24 22:06:11.766","Level":"INFO","Category":"FileOperations"}
{"Message":"Successfully moved file: Please.Put.Them.On.Takamine-san.S01E12.v2.Only.Look.At.Me.mkv -\u003e Please.Put.Them.On.Takamine-san.S01E12.Only.Look.At.Me.mkv","Timestamp":"2025-08-24 22:06:11.791","Level":"INFO","Category":"FileOperations"}
{"Message":"File operations completed - Success: 14, Errors: 0, Folders: 0","Timestamp":"2025-08-24 22:06:11.796","Level":"INFO","Category":"FileOperations"}
{"Message":"All operations completed without errors","Timestamp":"2025-08-24 22:06:11.799","Level":"INFO","Category":"FileOperations"}
{"Message":"Folder already has TVDB ID format: Haite Kudasai, Takamine-san [tvdb-452826]","Timestamp":"2025-08-24 22:06:11.802","Level":"INFO","Category":"FileOperations"}
{"Message":"Anime organization completed successfully for: Please Put Them On, Takamine-san","Timestamp":"2025-08-24 22:06:11.803","Level":"INFO","Category":"Complete"}
