{"Message":"Logging module loaded successfully","Timestamp":"2025-08-25 02:55:15.586","Level":"INFO","Category":"ModuleLoad"}
{"Message":"TheTVDB module loaded successfully","Timestamp":"2025-08-25 02:55:15.671","Level":"INFO","Category":"ModuleLoad"}
{"Message":"FileParser module loaded successfully","Timestamp":"2025-08-25 02:55:15.690","Level":"INFO","Category":"ModuleLoad"}
{"Message":"ErrorHandling module loaded successfully","Timestamp":"2025-08-25 02:55:15.715","Level":"INFO","Category":"ModuleLoad"}
{"Message":"FileOperations module loaded successfully","Timestamp":"2025-08-25 02:55:15.736","Level":"INFO","Category":"ModuleLoad"}
{"Message":"UserInterface module loaded successfully","Timestamp":"2025-08-25 02:55:15.752","Level":"INFO","Category":"ModuleLoad"}
{"Message":"NamingConvention module loaded successfully","Timestamp":"2025-08-25 02:55:15.772","Level":"INFO","Category":"ModuleLoad"}
{"Message":"StateAnalyzer module loaded successfully","Timestamp":"2025-08-25 02:55:15.788","Level":"INFO","Category":"ModuleLoad"}
{"Message":"VersionManager module loaded successfully","Timestamp":"2025-08-25 02:55:15.805","Level":"INFO","Category":"ModuleLoad"}
{"Message":"PlanManager module loaded successfully","Timestamp":"2025-08-25 02:55:15.818","Level":"INFO","Category":"ModuleLoad"}
{"Message":"User interface header displayed","Timestamp":"2025-08-25 02:55:15.871","Level":"INFO","Category":"UserInterface"}
{"Message":"Operation \u0027TheTVDB Authentication\u0027 completed in 412.6242ms","Timestamp":"2025-08-25 02:55:16.292","Level":"INFO","ExtraData":{"Operation":"TheTVDB Authentication","Success":true,"DurationMs":412.62420000000003},"Category":"Performance"}
{"Message":"User entered Series ID: 388644","Timestamp":"2025-08-25 02:55:22.246","Level":"INFO","Category":"UserInterface"}
{"Message":"Operation \u0027Series Info Retrieval\u0027 completed in 457.0941ms","Timestamp":"2025-08-25 02:55:22.710","Level":"INFO","ExtraData":{"Operation":"Series Info Retrieval","Success":true,"DurationMs":457.0941},"Category":"Performance"}
{"Message":"Displaying series verification for: World\u0027s End Harem (ID: 388644)","Timestamp":"2025-08-25 02:55:22.717","Level":"INFO","Category":"UserInterface"}
{"Message":"User confirmed series: World\u0027s End Harem","Timestamp":"2025-08-25 02:55:25.268","Level":"INFO","Category":"UserInterface"}
{"Message":"User selected working directory: Z:\\Media\\NSFW\\World\u0027s End Harem [tvdb-388644]","Timestamp":"2025-08-25 02:55:26.146","Level":"INFO","Category":"UserInterface"}
{"Message":"User selected operation type: Rename Only","Timestamp":"2025-08-25 02:55:27.737","Level":"INFO","Category":"UserInterface"}
{"Message":"Found 13 video files in directory: Z:\\Media\\NSFW\\World\u0027s End Harem [tvdb-388644]","Timestamp":"2025-08-25 02:55:27.775","Level":"INFO","Category":"FileOperations"}
{"Message":"Operation \u0027Episode Info Retrieval\u0027 completed in 4226.8638ms","Timestamp":"2025-08-25 02:55:32.016","Level":"INFO","ExtraData":{"Operation":"Episode Info Retrieval","Success":true,"DurationMs":4226.8638},"Category":"Performance"}
{"Message":"Using new modular naming and versioning system","Timestamp":"2025-08-25 02:55:32.018","Level":"INFO","Category":"ModularSystem"}
{"Message":"Creating comprehensive operation plan","Timestamp":"2025-08-25 02:55:32.271","Level":"INFO","Category":"Planning"}
{"Message":"File Analysis Complete - Total: 11, Skip: 11, Rename: 0, Duplicates: 0, Specials: 0","Timestamp":"2025-08-25 02:55:32.438","Level":"INFO","Category":"Analysis"}
